Randoop for Java version 4.3.2.

Will try to generate tests for 1 classes.
PUBLIC MEMBERS=9
Explorer = ForwardGenerator(steps: 0, null steps: 0, num_sequences_generated: 0;
    allSequences: 0, regresson seqs: 0, error seqs: 0=0=0, invalid seqs: 0, subsumed_sequences: 0, num_failed_output_test: 0;
    sideEffectFreeMethods: 1115, runtimePrimitivesSeen: 38)

Progress update: steps=1, test inputs generated=0, failing inputs=0      (2024-04-04T16:35:17.637Z     15.8M used)
Progress update: steps=337, test inputs generated=259, failing inputs=0      (2024-04-04T16:36:17.683Z     1.09G used)
Normal method executions: 1495
Exceptional method executions: 233

Average method execution time (normal termination):      1.77
Average method execution time (exceptional termination): 2.82
Approximate memory usage 1.09G
Explorer = ForwardGenerator(steps: 337, null steps: 78, num_sequences_generated: 259;
    allSequences: 259, regresson seqs: 258, error seqs: 0=0=0, invalid seqs: 0, subsumed_sequences: 0, num_failed_output_test: 1;
    sideEffectFreeMethods: 1115, runtimePrimitivesSeen: 39)
                                                                                                                                                                                                       
No error-revealing tests to output.

About to look for failing assertions in 234 regression sequences.

Regression test output:
Regression test count: 234
Writing regression JUnit tests...
