[INFO] Scanning for projects...
[INFO] ------------------------------------------------------------------------
[INFO] Reactor Build Order:
[INFO] 
[INFO] fastjson2-parent                                                   [pom]
[INFO] fastjson2                                                          [jar]
[INFO] fastjson2-extension                                                [jar]
[INFO] fastjson2-benchmark                                                [jar]
[INFO] fastjson2-codegen                                                  [jar]
[INFO] codegen-test                                                       [jar]
[INFO] fastjson2-extension-spring5                                        [jar]
[INFO] example-spring-test                                                [jar]
[INFO] fastjson1-compatible                                               [jar]
[INFO] fastjson2-kotlin                                                   [jar]
[INFO] safemode-test                                                      [jar]
[INFO] 
[INFO] ---------------< com.alibaba.fastjson2:fastjson2-parent >---------------
[INFO] Building fastjson2-parent 2.0.40-SNAPSHOT                         [1/11]
[INFO]   from pom.xml
[INFO] --------------------------------[ pom ]---------------------------------
[INFO] 
[INFO] --- clean:3.3.1:clean (default-clean) @ fastjson2-parent ---
[INFO] 
[INFO] --- checkstyle:3.3.0:check (checkstyle) @ fastjson2-parent ---
[INFO] You have 0 Checkstyle violations.
[INFO] 
[INFO] --- enforcer:3.3.0:enforce (enforce-maven) @ fastjson2-parent ---
[INFO] Rule 0: org.apache.maven.enforcer.rules.version.RequireMavenVersion passed
[INFO] Rule 1: org.apache.maven.enforcer.rules.version.RequireJavaVersion passed
[INFO] Rule 2: com.github.ferstl.maven.pomenforcers.CompoundPedanticEnforcer(compound) passed
[INFO] 
[INFO] --- kotlin:1.6.21:compile (compile) @ fastjson2-parent ---
[WARNING] No sources found skipping Kotlin compile
[INFO] 
[INFO] --- compiler:3.11.0:compile (java-compile) @ fastjson2-parent ---
[INFO] No sources to compile
[INFO] 
[INFO] ------------------< com.alibaba.fastjson2:fastjson2 >-------------------
[INFO] Building fastjson2 2.0.40-SNAPSHOT                                [2/11]
[INFO]   from core/pom.xml
[INFO] --------------------------------[ jar ]---------------------------------
[INFO] 
[INFO] --- clean:3.3.1:clean (default-clean) @ fastjson2 ---
[INFO] 
[INFO] --- checkstyle:3.3.0:check (checkstyle) @ fastjson2 ---
[INFO] You have 0 Checkstyle violations.
[INFO] 
[INFO] --- enforcer:3.3.0:enforce (enforce-maven) @ fastjson2 ---
[INFO] Rule 2: com.github.ferstl.maven.pomenforcers.CompoundPedanticEnforcer(compound) passed
[INFO] 
[INFO] --- resources:3.3.1:resources (default-resources) @ fastjson2 ---
[INFO] Copying 2 resources from src/main/resources to target/classes
[INFO] 
[INFO] --- kotlin:1.6.21:compile (compile) @ fastjson2 ---
[WARNING] No sources found skipping Kotlin compile
[INFO] 
[INFO] --- compiler:3.11.0:compile (java-compile) @ fastjson2 ---
[INFO] Changes detected - recompiling the module! :source
[INFO] Compiling 528 source files with javac [debug target 1.8] to target/classes
[WARNING] /Users/shreyachaudhary/Desktop/cs527/CS527-Project/BugSwarm/fastjson2-15942144023/Patched-Version/core/src/main/java/com/alibaba/fastjson2/util/JDKUtils.java:[3,16] sun.misc.Unsafe is internal proprietary API and may be removed in a future release
[WARNING] /Users/shreyachaudhary/Desktop/cs527/CS527-Project/BugSwarm/fastjson2-15942144023/Patched-Version/core/src/main/java/com/alibaba/fastjson2/JSONWriterUTF16.java:[5,16] sun.misc.Unsafe is internal proprietary API and may be removed in a future release
[WARNING] /Users/shreyachaudhary/Desktop/cs527/CS527-Project/BugSwarm/fastjson2-15942144023/Patched-Version/core/src/main/java/com/alibaba/fastjson2/JSONWriterUTF16JDK9UF.java:[3,16] sun.misc.Unsafe is internal proprietary API and may be removed in a future release
[WARNING] /Users/shreyachaudhary/Desktop/cs527/CS527-Project/BugSwarm/fastjson2-15942144023/Patched-Version/core/src/main/java/com/alibaba/fastjson2/util/JDKUtils.java:[18,25] sun.misc.Unsafe is internal proprietary API and may be removed in a future release
[WARNING] /Users/shreyachaudhary/Desktop/cs527/CS527-Project/BugSwarm/fastjson2-15942144023/Patched-Version/core/src/main/java/com/alibaba/fastjson2/util/JDKUtils.java:[70,9] sun.misc.Unsafe is internal proprietary API and may be removed in a future release
[WARNING] /Users/shreyachaudhary/Desktop/cs527/CS527-Project/BugSwarm/fastjson2-15942144023/Patched-Version/core/src/main/java/com/alibaba/fastjson2/util/JDKUtils.java:[73,36] sun.misc.Unsafe is internal proprietary API and may be removed in a future release
[WARNING] /Users/shreyachaudhary/Desktop/cs527/CS527-Project/BugSwarm/fastjson2-15942144023/Patched-Version/core/src/main/java/com/alibaba/fastjson2/util/JDKUtils.java:[75,23] sun.misc.Unsafe is internal proprietary API and may be removed in a future release
[WARNING] /Users/shreyachaudhary/Desktop/cs527/CS527-Project/BugSwarm/fastjson2-15942144023/Patched-Version/core/src/main/java/com/alibaba/fastjson2/util/JDKUtils.java:[76,22] sun.misc.Unsafe is internal proprietary API and may be removed in a future release
[WARNING] /Users/shreyachaudhary/Desktop/cs527/CS527-Project/BugSwarm/fastjson2-15942144023/Patched-Version/core/src/main/java/com/alibaba/fastjson2/util/JDKUtils.java:[77,26] sun.misc.Unsafe is internal proprietary API and may be removed in a future release
[WARNING] /Users/shreyachaudhary/Desktop/cs527/CS527-Project/BugSwarm/fastjson2-15942144023/Patched-Version/core/src/main/java/com/alibaba/fastjson2/JSONWriterUTF16.java:[320,51] sun.misc.Unsafe is internal proprietary API and may be removed in a future release
[WARNING] /Users/shreyachaudhary/Desktop/cs527/CS527-Project/BugSwarm/fastjson2-15942144023/Patched-Version/core/src/main/java/com/alibaba/fastjson2/JSONWriterUTF16.java:[545,50] sun.misc.Unsafe is internal proprietary API and may be removed in a future release
[WARNING] /Users/shreyachaudhary/Desktop/cs527/CS527-Project/BugSwarm/fastjson2-15942144023/Patched-Version/core/src/main/java/com/alibaba/fastjson2/JSONWriterUTF16JDK9UF.java:[46,48] sun.misc.Unsafe is internal proprietary API and may be removed in a future release
[INFO] /Users/shreyachaudhary/Desktop/cs527/CS527-Project/BugSwarm/fastjson2-15942144023/Patched-Version/core/src/main/java/com/alibaba/fastjson2/reader/ObjectReaderProvider.java: Some input files use or override a deprecated API.
[INFO] /Users/shreyachaudhary/Desktop/cs527/CS527-Project/BugSwarm/fastjson2-15942144023/Patched-Version/core/src/main/java/com/alibaba/fastjson2/reader/ObjectReaderProvider.java: Recompile with -Xlint:deprecation for details.
[INFO] /Users/shreyachaudhary/Desktop/cs527/CS527-Project/BugSwarm/fastjson2-15942144023/Patched-Version/core/src/main/java/com/alibaba/fastjson2/writer/FieldWriter.java: Some input files use unchecked or unsafe operations.
[INFO] /Users/shreyachaudhary/Desktop/cs527/CS527-Project/BugSwarm/fastjson2-15942144023/Patched-Version/core/src/main/java/com/alibaba/fastjson2/writer/FieldWriter.java: Recompile with -Xlint:unchecked for details.
[INFO] 
[INFO] -------------< com.alibaba.fastjson2:fastjson2-extension >--------------
[INFO] Building fastjson2-extension 2.0.40-SNAPSHOT                      [3/11]
[INFO]   from extension/pom.xml
[INFO] --------------------------------[ jar ]---------------------------------
[INFO] 
[INFO] --- clean:3.3.1:clean (default-clean) @ fastjson2-extension ---
[INFO] 
[INFO] --- checkstyle:3.3.0:check (checkstyle) @ fastjson2-extension ---
[INFO] You have 0 Checkstyle violations.
[INFO] 
[INFO] --- enforcer:3.3.0:enforce (enforce-maven) @ fastjson2-extension ---
[INFO] Rule 2: com.github.ferstl.maven.pomenforcers.CompoundPedanticEnforcer(compound) passed
[INFO] 
[INFO] --- resources:3.3.1:resources (default-resources) @ fastjson2-extension ---
[INFO] skip non existing resourceDirectory /Users/shreyachaudhary/Desktop/cs527/CS527-Project/BugSwarm/fastjson2-15942144023/Patched-Version/extension/src/main/resources
[INFO] 
[INFO] --- kotlin:1.6.21:compile (compile) @ fastjson2-extension ---
[WARNING] No sources found skipping Kotlin compile
[INFO] 
[INFO] --- compiler:3.11.0:compile (java-compile) @ fastjson2-extension ---
[INFO] Changes detected - recompiling the module! :dependency
[INFO] Compiling 25 source files with javac [debug target 1.8] to target/classes
[INFO] /Users/shreyachaudhary/Desktop/cs527/CS527-Project/BugSwarm/fastjson2-15942144023/Patched-Version/extension/src/main/java/com/alibaba/fastjson2/support/odps/JSONExtract.java: /Users/shreyachaudhary/Desktop/cs527/CS527-Project/BugSwarm/fastjson2-15942144023/Patched-Version/extension/src/main/java/com/alibaba/fastjson2/support/odps/JSONExtract.java uses or overrides a deprecated API.
[INFO] /Users/shreyachaudhary/Desktop/cs527/CS527-Project/BugSwarm/fastjson2-15942144023/Patched-Version/extension/src/main/java/com/alibaba/fastjson2/support/odps/JSONExtract.java: Recompile with -Xlint:deprecation for details.
[INFO] /Users/shreyachaudhary/Desktop/cs527/CS527-Project/BugSwarm/fastjson2-15942144023/Patched-Version/extension/src/main/java/com/alibaba/fastjson2/support/csv/CSVUtils.java: /Users/shreyachaudhary/Desktop/cs527/CS527-Project/BugSwarm/fastjson2-15942144023/Patched-Version/extension/src/main/java/com/alibaba/fastjson2/support/csv/CSVUtils.java uses unchecked or unsafe operations.
[INFO] /Users/shreyachaudhary/Desktop/cs527/CS527-Project/BugSwarm/fastjson2-15942144023/Patched-Version/extension/src/main/java/com/alibaba/fastjson2/support/csv/CSVUtils.java: Recompile with -Xlint:unchecked for details.
[INFO] 
[INFO] -------------< com.alibaba.fastjson2:fastjson2-benchmark >--------------
[INFO] Building fastjson2-benchmark 2.0.40-SNAPSHOT                      [4/11]
[INFO]   from benchmark/pom.xml
[INFO] --------------------------------[ jar ]---------------------------------
[INFO] 
[INFO] --- clean:3.3.1:clean (default-clean) @ fastjson2-benchmark ---
[INFO] 
[INFO] --- checkstyle:3.3.0:check (checkstyle) @ fastjson2-benchmark ---
[INFO] You have 0 Checkstyle violations.
[INFO] 
[INFO] --- enforcer:3.3.0:enforce (enforce-maven) @ fastjson2-benchmark ---
[INFO] Rule 2: com.github.ferstl.maven.pomenforcers.CompoundPedanticEnforcer(compound) passed
[INFO] 
[INFO] --- resources:3.3.1:resources (default-resources) @ fastjson2-benchmark ---
[INFO] Copying 33 resources from src/main/resources to target/classes
[INFO] 
[INFO] --- kotlin:1.6.21:compile (compile) @ fastjson2-benchmark ---
[WARNING] No sources found skipping Kotlin compile
[INFO] 
[INFO] --- compiler:3.11.0:compile (java-compile) @ fastjson2-benchmark ---
[INFO] Changes detected - recompiling the module! :dependency
[INFO] Compiling 165 source files with javac [debug target 1.8] to target/classes
