[INFO] Scanning for projects...
[WARNING] 
[WARNING] Some problems were encountered while building the effective model for io.swagger:swagger-models:bundle:2.0.0-SNAPSHOT
[WARNING] 'dependencies.dependency.(groupId:artifactId:type:classifier)' must be unique: com.fasterxml.jackson.core:jackson-databind:jar -> version ${jackson-version} vs 2.8.6 @ line 83, column 21
[WARNING] 
[WARNING] It is highly recommended to fix these problems because they threaten the stability of your build.
[WARNING] 
[WARNING] For this reason, future Maven versions might no longer support building such malformed projects.
[WARNING] 
[WARNING] The project io.swagger:swagger-project:pom:2.0.0-SNAPSHOT uses prerequisites which is only intended for maven-plugin projects but not for non maven-plugin projects. For such purposes you should use the maven-enforcer-plugin. See https://maven.apache.org/enforcer/enforcer-rules/requireMavenVersion.html
[INFO] ------------------------------------------------------------------------
[INFO] Reactor Build Order:
[INFO] 
[INFO] swagger-project                                                    [pom]
[INFO] swagger-annotations                                             [bundle]
[INFO] swagger-models                                                  [bundle]
[INFO] swagger-core                                                    [bundle]
[INFO] swagger-jaxrs2                                                     [jar]
[INFO] 
[INFO] ---------------------< io.swagger:swagger-project >---------------------
[INFO] Building swagger-project 2.0.0-SNAPSHOT                            [1/5]
[INFO]   from pom.xml
[INFO] --------------------------------[ pom ]---------------------------------
[INFO] 
[INFO] --- dependency:3.6.1:copy-dependencies (default-cli) @ swagger-project ---
[INFO] 
[INFO] -------------------< io.swagger:swagger-annotations >-------------------
[INFO] Building swagger-annotations 2.0.0-SNAPSHOT                        [2/5]
[INFO]   from modules/swagger-annotations/pom.xml
[INFO] -------------------------------[ bundle ]-------------------------------
[INFO] 
[INFO] --- dependency:3.6.1:copy-dependencies (default-cli) @ swagger-annotations ---
[INFO] Copying javax.ws.rs-api-2.0.1.jar to /Users/shreyachaudhary/Desktop/cs527/CS527-Project/BugSwarm/api-swagger-core-245823910/Patched-Version/modules/swagger-annotations/target/dependency/javax.ws.rs-api-2.0.1.jar
[INFO] Copying testng-6.9.10.jar to /Users/shreyachaudhary/Desktop/cs527/CS527-Project/BugSwarm/api-swagger-core-245823910/Patched-Version/modules/swagger-annotations/target/dependency/testng-6.9.10.jar
[INFO] Copying jcommander-1.48.jar to /Users/shreyachaudhary/Desktop/cs527/CS527-Project/BugSwarm/api-swagger-core-245823910/Patched-Version/modules/swagger-annotations/target/dependency/jcommander-1.48.jar
[INFO] Copying bsh-2.0b4.jar to /Users/shreyachaudhary/Desktop/cs527/CS527-Project/BugSwarm/api-swagger-core-245823910/Patched-Version/modules/swagger-annotations/target/dependency/bsh-2.0b4.jar
[INFO] 
[INFO] ---------------------< io.swagger:swagger-models >----------------------
[INFO] Building swagger-models 2.0.0-SNAPSHOT                             [3/5]
[INFO]   from modules/swagger-models/pom.xml
[INFO] -------------------------------[ bundle ]-------------------------------
Downloading from sonatype-nexus-snapshots: https://oss.sonatype.org/content/repositories/snapshots/io/swagger/swagger-annotations/2.0.0-SNAPSHOT/maven-metadata.xml
Progress (1): 1.2 kB                    Downloaded from sonatype-nexus-snapshots: https://oss.sonatype.org/content/repositories/snapshots/io/swagger/swagger-annotations/2.0.0-SNAPSHOT/maven-metadata.xml (1.2 kB at 2.1 kB/s)
[INFO] 
[INFO] --- dependency:3.6.1:copy-dependencies (default-cli) @ swagger-models ---
[INFO] Copying jackson-core-2.8.6.jar to /Users/shreyachaudhary/Desktop/cs527/CS527-Project/BugSwarm/api-swagger-core-245823910/Patched-Version/modules/swagger-models/target/dependency/jackson-core-2.8.6.jar
[INFO] Copying jackson-databind-2.8.6.jar to /Users/shreyachaudhary/Desktop/cs527/CS527-Project/BugSwarm/api-swagger-core-245823910/Patched-Version/modules/swagger-models/target/dependency/jackson-databind-2.8.6.jar
[INFO] Copying testng-6.9.10.jar to /Users/shreyachaudhary/Desktop/cs527/CS527-Project/BugSwarm/api-swagger-core-245823910/Patched-Version/modules/swagger-models/target/dependency/testng-6.9.10.jar
[INFO] Copying jcommander-1.48.jar to /Users/shreyachaudhary/Desktop/cs527/CS527-Project/BugSwarm/api-swagger-core-245823910/Patched-Version/modules/swagger-models/target/dependency/jcommander-1.48.jar
[INFO] Copying bsh-2.0b4.jar to /Users/shreyachaudhary/Desktop/cs527/CS527-Project/BugSwarm/api-swagger-core-245823910/Patched-Version/modules/swagger-models/target/dependency/bsh-2.0b4.jar
[INFO] Copying jmockit-1.25.jar to /Users/shreyachaudhary/Desktop/cs527/CS527-Project/BugSwarm/api-swagger-core-245823910/Patched-Version/modules/swagger-models/target/dependency/jmockit-1.25.jar
[INFO] Copying swagger-annotations-2.0.0-SNAPSHOT.jar to /Users/shreyachaudhary/Desktop/cs527/CS527-Project/BugSwarm/api-swagger-core-245823910/Patched-Version/modules/swagger-models/target/dependency/swagger-annotations-2.0.0-SNAPSHOT.jar
[INFO] Copying jackson-annotations-2.8.0.jar to /Users/shreyachaudhary/Desktop/cs527/CS527-Project/BugSwarm/api-swagger-core-245823910/Patched-Version/modules/swagger-models/target/dependency/jackson-annotations-2.8.0.jar
[INFO] 
[INFO] ----------------------< io.swagger:swagger-core >-----------------------
[INFO] Building swagger-core 2.0.0-SNAPSHOT                               [4/5]
[INFO]   from modules/swagger-core/pom.xml
[INFO] -------------------------------[ bundle ]-------------------------------
Downloading from sonatype-nexus-snapshots: https://oss.sonatype.org/content/repositories/snapshots/io/swagger/swagger-models/2.0.0-SNAPSHOT/maven-metadata.xml
Progress (1): 1.2 kB                    Downloaded from sonatype-nexus-snapshots: https://oss.sonatype.org/content/repositories/snapshots/io/swagger/swagger-models/2.0.0-SNAPSHOT/maven-metadata.xml (1.2 kB at 30 kB/s)
[INFO] 
[INFO] --- dependency:3.6.1:copy-dependencies (default-cli) @ swagger-core ---
[INFO] Copying commons-lang3-3.2.1.jar to /Users/shreyachaudhary/Desktop/cs527/CS527-Project/BugSwarm/api-swagger-core-245823910/Patched-Version/modules/swagger-core/target/dependency/commons-lang3-3.2.1.jar
[INFO] Copying slf4j-api-1.7.22.jar to /Users/shreyachaudhary/Desktop/cs527/CS527-Project/BugSwarm/api-swagger-core-245823910/Patched-Version/modules/swagger-core/target/dependency/slf4j-api-1.7.22.jar
[INFO] Copying jackson-annotations-2.8.0.jar to /Users/shreyachaudhary/Desktop/cs527/CS527-Project/BugSwarm/api-swagger-core-245823910/Patched-Version/modules/swagger-core/target/dependency/jackson-annotations-2.8.0.jar
[INFO] Copying jackson-databind-2.8.6.jar to /Users/shreyachaudhary/Desktop/cs527/CS527-Project/BugSwarm/api-swagger-core-245823910/Patched-Version/modules/swagger-core/target/dependency/jackson-databind-2.8.6.jar
[INFO] Copying jackson-core-2.8.6.jar to /Users/shreyachaudhary/Desktop/cs527/CS527-Project/BugSwarm/api-swagger-core-245823910/Patched-Version/modules/swagger-core/target/dependency/jackson-core-2.8.6.jar
[INFO] Copying jackson-dataformat-yaml-2.8.6.jar to /Users/shreyachaudhary/Desktop/cs527/CS527-Project/BugSwarm/api-swagger-core-245823910/Patched-Version/modules/swagger-core/target/dependency/jackson-dataformat-yaml-2.8.6.jar
[INFO] Copying snakeyaml-1.17.jar to /Users/shreyachaudhary/Desktop/cs527/CS527-Project/BugSwarm/api-swagger-core-245823910/Patched-Version/modules/swagger-core/target/dependency/snakeyaml-1.17.jar
[INFO] Copying swagger-models-2.0.0-SNAPSHOT.jar to /Users/shreyachaudhary/Desktop/cs527/CS527-Project/BugSwarm/api-swagger-core-245823910/Patched-Version/modules/swagger-core/target/dependency/swagger-models-2.0.0-SNAPSHOT.jar
[INFO] Copying swagger-annotations-2.0.0-SNAPSHOT.jar to /Users/shreyachaudhary/Desktop/cs527/CS527-Project/BugSwarm/api-swagger-core-245823910/Patched-Version/modules/swagger-core/target/dependency/swagger-annotations-2.0.0-SNAPSHOT.jar
[INFO] Copying joda-time-2.7.jar to /Users/shreyachaudhary/Desktop/cs527/CS527-Project/BugSwarm/api-swagger-core-245823910/Patched-Version/modules/swagger-core/target/dependency/joda-time-2.7.jar
[INFO] Copying guava-20.0.jar to /Users/shreyachaudhary/Desktop/cs527/CS527-Project/BugSwarm/api-swagger-core-245823910/Patched-Version/modules/swagger-core/target/dependency/guava-20.0.jar
[INFO] Copying joda-convert-1.2.jar to /Users/shreyachaudhary/Desktop/cs527/CS527-Project/BugSwarm/api-swagger-core-245823910/Patched-Version/modules/swagger-core/target/dependency/joda-convert-1.2.jar
[INFO] Copying logback-classic-1.0.1.jar to /Users/shreyachaudhary/Desktop/cs527/CS527-Project/BugSwarm/api-swagger-core-245823910/Patched-Version/modules/swagger-core/target/dependency/logback-classic-1.0.1.jar
[INFO] Copying logback-core-1.0.1.jar to /Users/shreyachaudhary/Desktop/cs527/CS527-Project/BugSwarm/api-swagger-core-245823910/Patched-Version/modules/swagger-core/target/dependency/logback-core-1.0.1.jar
[INFO] Copying validation-api-1.1.0.Final.jar to /Users/shreyachaudhary/Desktop/cs527/CS527-Project/BugSwarm/api-swagger-core-245823910/Patched-Version/modules/swagger-core/target/dependency/validation-api-1.1.0.Final.jar
[INFO] Copying testng-6.9.10.jar to /Users/shreyachaudhary/Desktop/cs527/CS527-Project/BugSwarm/api-swagger-core-245823910/Patched-Version/modules/swagger-core/target/dependency/testng-6.9.10.jar
[INFO] Copying jcommander-1.48.jar to /Users/shreyachaudhary/Desktop/cs527/CS527-Project/BugSwarm/api-swagger-core-245823910/Patched-Version/modules/swagger-core/target/dependency/jcommander-1.48.jar
[INFO] Copying bsh-2.0b4.jar to /Users/shreyachaudhary/Desktop/cs527/CS527-Project/BugSwarm/api-swagger-core-245823910/Patched-Version/modules/swagger-core/target/dependency/bsh-2.0b4.jar
[INFO] Copying commons-io-2.5.jar to /Users/shreyachaudhary/Desktop/cs527/CS527-Project/BugSwarm/api-swagger-core-245823910/Patched-Version/modules/swagger-core/target/dependency/commons-io-2.5.jar
[INFO] Copying jsr311-api-1.1.1.jar to /Users/shreyachaudhary/Desktop/cs527/CS527-Project/BugSwarm/api-swagger-core-245823910/Patched-Version/modules/swagger-core/target/dependency/jsr311-api-1.1.1.jar
[INFO] Copying javax.inject-2.2.0.jar to /Users/shreyachaudhary/Desktop/cs527/CS527-Project/BugSwarm/api-swagger-core-245823910/Patched-Version/modules/swagger-core/target/dependency/javax.inject-2.2.0.jar
[INFO] 
[INFO] ---------------------< io.swagger:swagger-jaxrs2 >----------------------
[INFO] Building swagger-jaxrs2 2.0.0-SNAPSHOT                             [5/5]
[INFO]   from modules/swagger-jaxrs2/pom.xml
[INFO] --------------------------------[ jar ]---------------------------------
Downloading from sonatype-nexus-snapshots: https://oss.sonatype.org/content/repositories/snapshots/io/swagger/swagger-core/2.0.0-SNAPSHOT/maven-metadata.xml
Progress (1): 1.4 kB                    Downloaded from sonatype-nexus-snapshots: https://oss.sonatype.org/content/repositories/snapshots/io/swagger/swagger-core/2.0.0-SNAPSHOT/maven-metadata.xml (1.4 kB at 34 kB/s)
[INFO] 
[INFO] --- dependency:3.6.1:copy-dependencies (default-cli) @ swagger-jaxrs2 ---
[INFO] Copying jersey-server-2.1.jar to /Users/shreyachaudhary/Desktop/cs527/CS527-Project/BugSwarm/api-swagger-core-245823910/Patched-Version/modules/swagger-jaxrs2/target/dependency/jersey-server-2.1.jar
[INFO] Copying jersey-common-2.1.jar to /Users/shreyachaudhary/Desktop/cs527/CS527-Project/BugSwarm/api-swagger-core-245823910/Patched-Version/modules/swagger-jaxrs2/target/dependency/jersey-common-2.1.jar
[INFO] Copying javax.annotation-api-1.2.jar to /Users/shreyachaudhary/Desktop/cs527/CS527-Project/BugSwarm/api-swagger-core-245823910/Patched-Version/modules/swagger-jaxrs2/target/dependency/javax.annotation-api-1.2.jar
[INFO] Copying osgi-resource-locator-1.0.1.jar to /Users/shreyachaudhary/Desktop/cs527/CS527-Project/BugSwarm/api-swagger-core-245823910/Patched-Version/modules/swagger-jaxrs2/target/dependency/osgi-resource-locator-1.0.1.jar
[INFO] Copying jersey-client-2.1.jar to /Users/shreyachaudhary/Desktop/cs527/CS527-Project/BugSwarm/api-swagger-core-245823910/Patched-Version/modules/swagger-jaxrs2/target/dependency/jersey-client-2.1.jar
[INFO] Copying javax.ws.rs-api-2.0.jar to /Users/shreyachaudhary/Desktop/cs527/CS527-Project/BugSwarm/api-swagger-core-245823910/Patched-Version/modules/swagger-jaxrs2/target/dependency/javax.ws.rs-api-2.0.jar
[INFO] Copying hk2-api-2.2.0-b10.jar to /Users/shreyachaudhary/Desktop/cs527/CS527-Project/BugSwarm/api-swagger-core-245823910/Patched-Version/modules/swagger-jaxrs2/target/dependency/hk2-api-2.2.0-b10.jar
[INFO] Copying hk2-utils-2.2.0-b10.jar to /Users/shreyachaudhary/Desktop/cs527/CS527-Project/BugSwarm/api-swagger-core-245823910/Patched-Version/modules/swagger-jaxrs2/target/dependency/hk2-utils-2.2.0-b10.jar
[INFO] Copying javax.inject-2.2.0-b10.jar to /Users/shreyachaudhary/Desktop/cs527/CS527-Project/BugSwarm/api-swagger-core-245823910/Patched-Version/modules/swagger-jaxrs2/target/dependency/javax.inject-2.2.0-b10.jar
[INFO] Copying hk2-locator-2.2.0-b10.jar to /Users/shreyachaudhary/Desktop/cs527/CS527-Project/BugSwarm/api-swagger-core-245823910/Patched-Version/modules/swagger-jaxrs2/target/dependency/hk2-locator-2.2.0-b10.jar
[INFO] Copying asm-all-repackaged-2.2.0-b10.jar to /Users/shreyachaudhary/Desktop/cs527/CS527-Project/BugSwarm/api-swagger-core-245823910/Patched-Version/modules/swagger-jaxrs2/target/dependency/asm-all-repackaged-2.2.0-b10.jar
[INFO] Copying cglib-2.2.0-b10.jar to /Users/shreyachaudhary/Desktop/cs527/CS527-Project/BugSwarm/api-swagger-core-245823910/Patched-Version/modules/swagger-jaxrs2/target/dependency/cglib-2.2.0-b10.jar
[INFO] Copying validation-api-1.1.0.Final.jar to /Users/shreyachaudhary/Desktop/cs527/CS527-Project/BugSwarm/api-swagger-core-245823910/Patched-Version/modules/swagger-jaxrs2/target/dependency/validation-api-1.1.0.Final.jar
[INFO] Copying jackson-databind-2.8.6.jar to /Users/shreyachaudhary/Desktop/cs527/CS527-Project/BugSwarm/api-swagger-core-245823910/Patched-Version/modules/swagger-jaxrs2/target/dependency/jackson-databind-2.8.6.jar
[INFO] Copying jackson-core-2.8.6.jar to /Users/shreyachaudhary/Desktop/cs527/CS527-Project/BugSwarm/api-swagger-core-245823910/Patched-Version/modules/swagger-jaxrs2/target/dependency/jackson-core-2.8.6.jar
[INFO] Copying servlet-api-2.5.jar to /Users/shreyachaudhary/Desktop/cs527/CS527-Project/BugSwarm/api-swagger-core-245823910/Patched-Version/modules/swagger-jaxrs2/target/dependency/servlet-api-2.5.jar
[INFO] Copying reflections-0.9.10.jar to /Users/shreyachaudhary/Desktop/cs527/CS527-Project/BugSwarm/api-swagger-core-245823910/Patched-Version/modules/swagger-jaxrs2/target/dependency/reflections-0.9.10.jar
[INFO] Copying javassist-3.19.0-GA.jar to /Users/shreyachaudhary/Desktop/cs527/CS527-Project/BugSwarm/api-swagger-core-245823910/Patched-Version/modules/swagger-jaxrs2/target/dependency/javassist-3.19.0-GA.jar
[INFO] Copying annotations-2.0.1.jar to /Users/shreyachaudhary/Desktop/cs527/CS527-Project/BugSwarm/api-swagger-core-245823910/Patched-Version/modules/swagger-jaxrs2/target/dependency/annotations-2.0.1.jar
[INFO] Copying guava-20.0.jar to /Users/shreyachaudhary/Desktop/cs527/CS527-Project/BugSwarm/api-swagger-core-245823910/Patched-Version/modules/swagger-jaxrs2/target/dependency/guava-20.0.jar
[INFO] Copying logback-classic-1.0.1.jar to /Users/shreyachaudhary/Desktop/cs527/CS527-Project/BugSwarm/api-swagger-core-245823910/Patched-Version/modules/swagger-jaxrs2/target/dependency/logback-classic-1.0.1.jar
[INFO] Copying slf4j-api-1.7.22.jar to /Users/shreyachaudhary/Desktop/cs527/CS527-Project/BugSwarm/api-swagger-core-245823910/Patched-Version/modules/swagger-jaxrs2/target/dependency/slf4j-api-1.7.22.jar
[INFO] Copying logback-core-1.0.1.jar to /Users/shreyachaudhary/Desktop/cs527/CS527-Project/BugSwarm/api-swagger-core-245823910/Patched-Version/modules/swagger-jaxrs2/target/dependency/logback-core-1.0.1.jar
[INFO] Copying testng-6.9.10.jar to /Users/shreyachaudhary/Desktop/cs527/CS527-Project/BugSwarm/api-swagger-core-245823910/Patched-Version/modules/swagger-jaxrs2/target/dependency/testng-6.9.10.jar
[INFO] Copying jcommander-1.48.jar to /Users/shreyachaudhary/Desktop/cs527/CS527-Project/BugSwarm/api-swagger-core-245823910/Patched-Version/modules/swagger-jaxrs2/target/dependency/jcommander-1.48.jar
[INFO] Copying bsh-2.0b4.jar to /Users/shreyachaudhary/Desktop/cs527/CS527-Project/BugSwarm/api-swagger-core-245823910/Patched-Version/modules/swagger-jaxrs2/target/dependency/bsh-2.0b4.jar
[INFO] Copying rest-assured-2.8.0.jar to /Users/shreyachaudhary/Desktop/cs527/CS527-Project/BugSwarm/api-swagger-core-245823910/Patched-Version/modules/swagger-jaxrs2/target/dependency/rest-assured-2.8.0.jar
[INFO] Copying groovy-2.4.4.jar to /Users/shreyachaudhary/Desktop/cs527/CS527-Project/BugSwarm/api-swagger-core-245823910/Patched-Version/modules/swagger-jaxrs2/target/dependency/groovy-2.4.4.jar
[INFO] Copying groovy-xml-2.4.4.jar to /Users/shreyachaudhary/Desktop/cs527/CS527-Project/BugSwarm/api-swagger-core-245823910/Patched-Version/modules/swagger-jaxrs2/target/dependency/groovy-xml-2.4.4.jar
[INFO] Copying httpclient-4.5.1.jar to /Users/shreyachaudhary/Desktop/cs527/CS527-Project/BugSwarm/api-swagger-core-245823910/Patched-Version/modules/swagger-jaxrs2/target/dependency/httpclient-4.5.1.jar
[INFO] Copying httpcore-4.4.3.jar to /Users/shreyachaudhary/Desktop/cs527/CS527-Project/BugSwarm/api-swagger-core-245823910/Patched-Version/modules/swagger-jaxrs2/target/dependency/httpcore-4.4.3.jar
[INFO] Copying commons-logging-1.2.jar to /Users/shreyachaudhary/Desktop/cs527/CS527-Project/BugSwarm/api-swagger-core-245823910/Patched-Version/modules/swagger-jaxrs2/target/dependency/commons-logging-1.2.jar
[INFO] Copying commons-codec-1.9.jar to /Users/shreyachaudhary/Desktop/cs527/CS527-Project/BugSwarm/api-swagger-core-245823910/Patched-Version/modules/swagger-jaxrs2/target/dependency/commons-codec-1.9.jar
[INFO] Copying httpmime-4.5.1.jar to /Users/shreyachaudhary/Desktop/cs527/CS527-Project/BugSwarm/api-swagger-core-245823910/Patched-Version/modules/swagger-jaxrs2/target/dependency/httpmime-4.5.1.jar
[INFO] Copying hamcrest-core-1.3.jar to /Users/shreyachaudhary/Desktop/cs527/CS527-Project/BugSwarm/api-swagger-core-245823910/Patched-Version/modules/swagger-jaxrs2/target/dependency/hamcrest-core-1.3.jar
[INFO] Copying hamcrest-library-1.3.jar to /Users/shreyachaudhary/Desktop/cs527/CS527-Project/BugSwarm/api-swagger-core-245823910/Patched-Version/modules/swagger-jaxrs2/target/dependency/hamcrest-library-1.3.jar
[INFO] Copying tagsoup-1.2.1.jar to /Users/shreyachaudhary/Desktop/cs527/CS527-Project/BugSwarm/api-swagger-core-245823910/Patched-Version/modules/swagger-jaxrs2/target/dependency/tagsoup-1.2.1.jar
[INFO] Copying json-path-2.8.0.jar to /Users/shreyachaudhary/Desktop/cs527/CS527-Project/BugSwarm/api-swagger-core-245823910/Patched-Version/modules/swagger-jaxrs2/target/dependency/json-path-2.8.0.jar
[INFO] Copying groovy-json-2.4.4.jar to /Users/shreyachaudhary/Desktop/cs527/CS527-Project/BugSwarm/api-swagger-core-245823910/Patched-Version/modules/swagger-jaxrs2/target/dependency/groovy-json-2.4.4.jar
[INFO] Copying rest-assured-common-2.8.0.jar to /Users/shreyachaudhary/Desktop/cs527/CS527-Project/BugSwarm/api-swagger-core-245823910/Patched-Version/modules/swagger-jaxrs2/target/dependency/rest-assured-common-2.8.0.jar
[INFO] Copying xml-path-2.8.0.jar to /Users/shreyachaudhary/Desktop/cs527/CS527-Project/BugSwarm/api-swagger-core-245823910/Patched-Version/modules/swagger-jaxrs2/target/dependency/xml-path-2.8.0.jar
[INFO] Copying mockito-all-1.9.5.jar to /Users/shreyachaudhary/Desktop/cs527/CS527-Project/BugSwarm/api-swagger-core-245823910/Patched-Version/modules/swagger-jaxrs2/target/dependency/mockito-all-1.9.5.jar
[INFO] Copying commons-io-2.5.jar to /Users/shreyachaudhary/Desktop/cs527/CS527-Project/BugSwarm/api-swagger-core-245823910/Patched-Version/modules/swagger-jaxrs2/target/dependency/commons-io-2.5.jar
[INFO] Copying swagger-models-2.0.0-SNAPSHOT.jar to /Users/shreyachaudhary/Desktop/cs527/CS527-Project/BugSwarm/api-swagger-core-245823910/Patched-Version/modules/swagger-jaxrs2/target/dependency/swagger-models-2.0.0-SNAPSHOT.jar
[INFO] Copying jackson-annotations-2.8.0.jar to /Users/shreyachaudhary/Desktop/cs527/CS527-Project/BugSwarm/api-swagger-core-245823910/Patched-Version/modules/swagger-jaxrs2/target/dependency/jackson-annotations-2.8.0.jar
[INFO] Copying swagger-annotations-2.0.0-SNAPSHOT.jar to /Users/shreyachaudhary/Desktop/cs527/CS527-Project/BugSwarm/api-swagger-core-245823910/Patched-Version/modules/swagger-jaxrs2/target/dependency/swagger-annotations-2.0.0-SNAPSHOT.jar
[INFO] Copying swagger-core-2.0.0-SNAPSHOT.jar to /Users/shreyachaudhary/Desktop/cs527/CS527-Project/BugSwarm/api-swagger-core-245823910/Patched-Version/modules/swagger-jaxrs2/target/dependency/swagger-core-2.0.0-SNAPSHOT.jar
[INFO] Copying commons-lang3-3.2.1.jar to /Users/shreyachaudhary/Desktop/cs527/CS527-Project/BugSwarm/api-swagger-core-245823910/Patched-Version/modules/swagger-jaxrs2/target/dependency/commons-lang3-3.2.1.jar
[INFO] Copying jackson-dataformat-yaml-2.8.6.jar to /Users/shreyachaudhary/Desktop/cs527/CS527-Project/BugSwarm/api-swagger-core-245823910/Patched-Version/modules/swagger-jaxrs2/target/dependency/jackson-dataformat-yaml-2.8.6.jar
[INFO] Copying snakeyaml-1.17.jar to /Users/shreyachaudhary/Desktop/cs527/CS527-Project/BugSwarm/api-swagger-core-245823910/Patched-Version/modules/swagger-jaxrs2/target/dependency/snakeyaml-1.17.jar
[INFO] ------------------------------------------------------------------------
[INFO] Reactor Summary for swagger-project 2.0.0-SNAPSHOT:
[INFO] 
[INFO] swagger-project .................................... SUCCESS [  2.330 s]
[INFO] swagger-annotations ................................ SUCCESS [  0.580 s]
[INFO] swagger-models ..................................... SUCCESS [  0.968 s]
[INFO] swagger-core ....................................... SUCCESS [  0.234 s]
[INFO] swagger-jaxrs2 ..................................... SUCCESS [  0.549 s]
[INFO] ------------------------------------------------------------------------
[INFO] BUILD SUCCESS
[INFO] ------------------------------------------------------------------------
[INFO] Total time:  6.360 s
[INFO] Finished at: 2024-04-05T19:55:33-05:00
[INFO] ------------------------------------------------------------------------
