[INFO] Scanning for projects...
[WARNING] 
[WARNING] Some problems were encountered while building the effective model for com.alibaba:fastjson:jar:1.2.60_preview_04
[WARNING] 'build.plugins.plugin.version' for org.apache.maven.plugins:maven-gpg-plugin is missing. @ line 181, column 21
[WARNING] 'build.plugins.plugin.version' for org.apache.maven.plugins:maven-surefire-plugin is missing. @ line 149, column 21
[WARNING] 'build.plugins.plugin.version' for org.apache.maven.plugins:maven-source-plugin is missing. @ line 133, column 21
[WARNING] 'build.plugins.plugin.version' for org.apache.maven.plugins:maven-javadoc-plugin is missing. @ line 159, column 21
[WARNING] 
[WARNING] It is highly recommended to fix these problems because they threaten the stability of your build.
[WARNING] 
[WARNING] For this reason, future Maven versions might no longer support building such malformed projects.
[WARNING] 
[INFO] 
[INFO] ------------------------< com.alibaba:fastjson >------------------------
[INFO] Building fastjson 1.2.60_preview_04
[INFO]   from pom.xml
[INFO] --------------------------------[ jar ]---------------------------------
[INFO] 
[INFO] --- clean:3.2.0:clean (default-clean) @ fastjson ---
[INFO] 
[INFO] --- resources:3.3.1:resources (default-resources) @ fastjson ---
[INFO] Copying 6 resources from src/main/resources to target/classes
[INFO] 
[INFO] --- compiler:3.8.0:compile (default-compile) @ fastjson ---
[INFO] Changes detected - recompiling the module!
[INFO] Compiling 178 source files to /Users/shreyachaudhary/Desktop/cs527/CS527-Project/BugSwarm/fastjson-587105906/Patched-Version/target/classes
[INFO] /Users/shreyachaudhary/Desktop/cs527/CS527-Project/BugSwarm/fastjson-587105906/Patched-Version/src/main/java/com/alibaba/fastjson/serializer/ASMSerializerFactory.java: Some input files use or override a deprecated API.
[INFO] /Users/shreyachaudhary/Desktop/cs527/CS527-Project/BugSwarm/fastjson-587105906/Patched-Version/src/main/java/com/alibaba/fastjson/serializer/ASMSerializerFactory.java: Recompile with -Xlint:deprecation for details.
[INFO] /Users/shreyachaudhary/Desktop/cs527/CS527-Project/BugSwarm/fastjson-587105906/Patched-Version/src/main/java/com/alibaba/fastjson/parser/ParserConfig.java: Some input files use unchecked or unsafe operations.
[INFO] /Users/shreyachaudhary/Desktop/cs527/CS527-Project/BugSwarm/fastjson-587105906/Patched-Version/src/main/java/com/alibaba/fastjson/parser/ParserConfig.java: Recompile with -Xlint:unchecked for details.
[INFO] ------------------------------------------------------------------------
[INFO] BUILD SUCCESS
[INFO] ------------------------------------------------------------------------
[INFO] Total time:  58.776 s
[INFO] Finished at: 2024-04-05T20:41:12-05:00
[INFO] ------------------------------------------------------------------------
