[INFO] Scanning for projects...
[INFO] ------------------------------------------------------------------------
[INFO] Reactor Build Order:
[INFO] 
[INFO] fastjson2-parent                                                   [pom]
[INFO] fastjson2                                                          [jar]
[INFO] fastjson2-extension                                                [jar]
[INFO] fastjson2-benchmark                                                [jar]
[INFO] fastjson2-extension-spring5                                        [jar]
[INFO] example-spring-test                                                [jar]
[INFO] fastjson1-compatible                                               [jar]
[INFO] fastjson2-kotlin                                                   [jar]
[INFO] safemode-test                                                      [jar]
[INFO] 
[INFO] ---------------< com.alibaba.fastjson2:fastjson2-parent >---------------
[INFO] Building fastjson2-parent 2.0.31-SNAPSHOT                          [1/9]
[INFO]   from pom.xml
[INFO] --------------------------------[ pom ]---------------------------------
[INFO] 
[INFO] --- clean:3.2.0:clean (default-clean) @ fastjson2-parent ---
[INFO] 
[INFO] --- checkstyle:3.2.2:check (checkstyle) @ fastjson2-parent ---
[INFO] You have 0 Checkstyle violations.
[INFO] 
[INFO] --- enforcer:3.3.0:enforce (enforce-maven) @ fastjson2-parent ---
[INFO] Rule 0: org.apache.maven.enforcer.rules.version.RequireMavenVersion passed
[INFO] Rule 1: org.apache.maven.enforcer.rules.version.RequireJavaVersion passed
[INFO] Rule 2: com.github.ferstl.maven.pomenforcers.CompoundPedanticEnforcer(compound) passed
[INFO] 
[INFO] --- kotlin:1.8.21:compile (compile) @ fastjson2-parent ---
[WARNING] No sources found skipping Kotlin compile
[INFO] 
[INFO] --- compiler:3.11.0:compile (java-compile) @ fastjson2-parent ---
[INFO] No sources to compile
[INFO] 
[INFO] ------------------< com.alibaba.fastjson2:fastjson2 >-------------------
[INFO] Building fastjson2 2.0.31-SNAPSHOT                                 [2/9]
[INFO]   from core/pom.xml
[INFO] --------------------------------[ jar ]---------------------------------
[INFO] 
[INFO] --- clean:3.2.0:clean (default-clean) @ fastjson2 ---
[INFO] 
[INFO] --- checkstyle:3.2.2:check (checkstyle) @ fastjson2 ---
