[INFO] Scanning for projects...
[INFO] ------------------------------------------------------------------------
[INFO] Reactor Build Order:
[INFO] 
[INFO] java-fundamentals-course                                           [pom]
[INFO] java-fundamentals-util                                             [jar]
[INFO] 0-0-intro                                                          [jar]
[INFO] 1-0-java-basics                                                    [pom]
[INFO] 1-3-0-hello-generics                                               [jar]
[INFO] 1-3-1-crazy-generics                                               [jar]
[INFO] 1-5-0-hello-annotations                                            [jar]
[INFO] 2-0-data-structures-and-algorithms                                 [pom]
[INFO] 2-2-1-node                                                         [jar]
[INFO] 2-2-2-stack                                                        [jar]
[INFO] 2-2-3-linked-queue                                                 [jar]
[INFO] data-structures-and-algorithms-util                                [jar]
[INFO] 2-2-4-linked-list                                                  [jar]
[INFO] 2-2-5-array-list                                                   [jar]
[INFO] 2-2-6-binary-search-tree                                           [jar]
[INFO] 2-2-7-hash-table                                                   [jar]
[INFO] 3-0-java-core                                                      [pom]
[INFO] 3-6-1-file-reader                                                  [jar]
[INFO] 3-6-2-file-stats                                                   [jar]
[INFO] 3-6-3-crazy-regex                                                  [jar]
[INFO] 4-0-object-oriented-programming                                    [pom]
[INFO] 4-3-1-flight-search                                                [jar]
[INFO] 5-0-functional-programming                                         [pom]
[INFO] 5-1-1-crazy-lambdas                                                [jar]
[INFO] 5-2-1-crazy-streams                                                [jar]
[INFO] 5-3-1-crazy-optionals                                              [jar]
[INFO] 5-0-1-lambda-functions-map                                         [jar]
[INFO] 5-0-2-stream-sum-of-squares                                        [jar]
[INFO] 5-4-1-fun-prime-numbers                                            [jar]
[INFO] 6-0-test-driven-development                                        [pom]
[INFO] 6-1-1-stack                                                        [jar]
[INFO] 6-1-2-linked-list                                                  [jar]
[INFO] 6-1-3-binary-search-tree                                           [jar]
[INFO] lesson-demo                                                        [jar]
[INFO] 
[INFO] ---------------< com.bobocode:java-fundamentals-course >----------------
[INFO] Building java-fundamentals-course 1.0-SNAPSHOT                    [1/34]
[INFO]   from pom.xml
[INFO] --------------------------------[ pom ]---------------------------------
[INFO] 
[INFO] --- clean:3.2.0:clean (default-clean) @ java-fundamentals-course ---
[INFO] 
[INFO] ----------------< com.bobocode:java-fundamentals-util >-----------------
[INFO] Building java-fundamentals-util 1.0-SNAPSHOT                      [2/34]
[INFO]   from java-fundamentals-util/pom.xml
[INFO] --------------------------------[ jar ]---------------------------------
[INFO] 
[INFO] --- clean:3.2.0:clean (default-clean) @ java-fundamentals-util ---
[INFO] Deleting /Users/shreyachaudhary/Desktop/cs527/CS527-Project/BugSwarm/projects-java-fundamentals-exercises-7068728014/Patched-Version/java-fundamentals-util/target
[INFO] 
[INFO] --- resources:3.3.1:resources (default-resources) @ java-fundamentals-util ---
[INFO] skip non existing resourceDirectory /Users/shreyachaudhary/Desktop/cs527/CS527-Project/BugSwarm/projects-java-fundamentals-exercises-7068728014/Patched-Version/java-fundamentals-util/src/main/resources
[INFO] 
[INFO] --- compiler:3.10.1:compile (default-compile) @ java-fundamentals-util ---
[INFO] Changes detected - recompiling the module!
[INFO] Compiling 5 source files to /Users/shreyachaudhary/Desktop/cs527/CS527-Project/BugSwarm/projects-java-fundamentals-exercises-7068728014/Patched-Version/java-fundamentals-util/target/classes
