[INFO] Scanning for projects...
[INFO] ------------------------------------------------------------------------
[INFO] Reactor Build Order:
[INFO] 
[INFO] fastjson2-parent                                                   [pom]
[INFO] fastjson2                                                          [jar]
[INFO] fastjson2-extension                                                [jar]
[INFO] adapter                                                            [jar]
[INFO] fastjson2-benchmark                                                [jar]
[INFO] fastjson1-compatible                                               [jar]
[INFO] fastjson2-kotlin                                                   [jar]
[INFO] spring-test                                                        [jar]
[INFO] 
[INFO] ---------------< com.alibaba.fastjson2:fastjson2-parent >---------------
[INFO] Building fastjson2-parent 2.0.21-SNAPSHOT                          [1/8]
[INFO]   from pom.xml
[INFO] --------------------------------[ pom ]---------------------------------
[INFO] 
[INFO] --- clean:3.2.0:clean (default-clean) @ fastjson2-parent ---
[INFO] 
[INFO] --- checkstyle:3.2.0:check (checkstyle) @ fastjson2-parent ---
[INFO] You have 0 Checkstyle violations.
[INFO] 
[INFO] --- enforcer:3.1.0:enforce (enforce-maven) @ fastjson2-parent ---
[INFO] 
[INFO] --- kotlin:1.7.21:compile (compile) @ fastjson2-parent ---
[WARNING] No sources found skipping Kotlin compile
[INFO] 
[INFO] --- compiler:3.10.1:compile (java-compile) @ fastjson2-parent ---
[INFO] No sources to compile
[INFO] 
[INFO] ------------------< com.alibaba.fastjson2:fastjson2 >-------------------
[INFO] Building fastjson2 2.0.21-SNAPSHOT                                 [2/8]
[INFO]   from core/pom.xml
[INFO] --------------------------------[ jar ]---------------------------------
[INFO] 
[INFO] --- clean:3.2.0:clean (default-clean) @ fastjson2 ---
[INFO] 
[INFO] --- checkstyle:3.2.0:check (checkstyle) @ fastjson2 ---
[INFO] You have 0 Checkstyle violations.
[INFO] 
[INFO] --- enforcer:3.1.0:enforce (enforce-maven) @ fastjson2 ---
[INFO] 
[INFO] --- resources:3.3.0:resources (default-resources) @ fastjson2 ---
[INFO] Copying 2 resources
[INFO] 
[INFO] --- kotlin:1.7.21:compile (compile) @ fastjson2 ---
[WARNING] No sources found skipping Kotlin compile
[INFO] 
[INFO] --- compiler:3.10.1:compile (java-compile) @ fastjson2 ---
[INFO] Changes detected - recompiling the module!
[INFO] Compiling 517 source files to /Users/shreyachaudhary/Desktop/cs527/CS527-Project/BugSwarm/fastjson2-9745790591/Buggy-version/core/target/classes
[WARNING] /Users/shreyachaudhary/Desktop/cs527/CS527-Project/BugSwarm/fastjson2-9745790591/Buggy-version/core/src/main/java/com/alibaba/fastjson2/util/UnsafeUtils.java:[4,16] sun.misc.Unsafe is internal proprietary API and may be removed in a future release
[WARNING] /Users/shreyachaudhary/Desktop/cs527/CS527-Project/BugSwarm/fastjson2-9745790591/Buggy-version/core/src/main/java/com/alibaba/fastjson2/util/UnsafeUtils.java:[12,25] sun.misc.Unsafe is internal proprietary API and may be removed in a future release
[WARNING] /Users/shreyachaudhary/Desktop/cs527/CS527-Project/BugSwarm/fastjson2-9745790591/Buggy-version/core/src/main/java/com/alibaba/fastjson2/util/UnsafeUtils.java:[18,9] sun.misc.Unsafe is internal proprietary API and may be removed in a future release
[WARNING] /Users/shreyachaudhary/Desktop/cs527/CS527-Project/BugSwarm/fastjson2-9745790591/Buggy-version/core/src/main/java/com/alibaba/fastjson2/util/UnsafeUtils.java:[20,36] sun.misc.Unsafe is internal proprietary API and may be removed in a future release
[WARNING] /Users/shreyachaudhary/Desktop/cs527/CS527-Project/BugSwarm/fastjson2-9745790591/Buggy-version/core/src/main/java/com/alibaba/fastjson2/util/UnsafeUtils.java:[22,23] sun.misc.Unsafe is internal proprietary API and may be removed in a future release
[INFO] /Users/shreyachaudhary/Desktop/cs527/CS527-Project/BugSwarm/fastjson2-9745790591/Buggy-version/core/src/main/java/com/alibaba/fastjson2/schema/JSONSchema.java: Some input files use or override a deprecated API.
[INFO] /Users/shreyachaudhary/Desktop/cs527/CS527-Project/BugSwarm/fastjson2-9745790591/Buggy-version/core/src/main/java/com/alibaba/fastjson2/schema/JSONSchema.java: Recompile with -Xlint:deprecation for details.
[INFO] /Users/shreyachaudhary/Desktop/cs527/CS527-Project/BugSwarm/fastjson2-9745790591/Buggy-version/core/src/main/java/com/alibaba/fastjson2/writer/FieldWriter.java: Some input files use unchecked or unsafe operations.
[INFO] /Users/shreyachaudhary/Desktop/cs527/CS527-Project/BugSwarm/fastjson2-9745790591/Buggy-version/core/src/main/java/com/alibaba/fastjson2/writer/FieldWriter.java: Recompile with -Xlint:unchecked for details.
[INFO] 
[INFO] -------------< com.alibaba.fastjson2:fastjson2-extension >--------------
[INFO] Building fastjson2-extension 2.0.21-SNAPSHOT                       [3/8]
[INFO]   from extension/pom.xml
[INFO] --------------------------------[ jar ]---------------------------------
[INFO] 
[INFO] --- clean:3.2.0:clean (default-clean) @ fastjson2-extension ---
[INFO] 
[INFO] --- checkstyle:3.2.0:check (checkstyle) @ fastjson2-extension ---
[INFO] You have 0 Checkstyle violations.
[INFO] 
[INFO] --- enforcer:3.1.0:enforce (enforce-maven) @ fastjson2-extension ---
[INFO] 
[INFO] --- resources:3.3.0:resources (default-resources) @ fastjson2-extension ---
[INFO] skip non existing resourceDirectory /Users/shreyachaudhary/Desktop/cs527/CS527-Project/BugSwarm/fastjson2-9745790591/Buggy-version/extension/src/main/resources
[INFO] 
[INFO] --- kotlin:1.7.21:compile (compile) @ fastjson2-extension ---
[WARNING] No sources found skipping Kotlin compile
[INFO] 
[INFO] --- compiler:3.10.1:compile (java-compile) @ fastjson2-extension ---
[INFO] Changes detected - recompiling the module!
[INFO] Compiling 41 source files to /Users/shreyachaudhary/Desktop/cs527/CS527-Project/BugSwarm/fastjson2-9745790591/Buggy-version/extension/target/classes
[INFO] /Users/shreyachaudhary/Desktop/cs527/CS527-Project/BugSwarm/fastjson2-9745790591/Buggy-version/extension/src/main/java/com/alibaba/fastjson2/support/odps/JSONExtract.java: /Users/shreyachaudhary/Desktop/cs527/CS527-Project/BugSwarm/fastjson2-9745790591/Buggy-version/extension/src/main/java/com/alibaba/fastjson2/support/odps/JSONExtract.java uses or overrides a deprecated API.
[INFO] /Users/shreyachaudhary/Desktop/cs527/CS527-Project/BugSwarm/fastjson2-9745790591/Buggy-version/extension/src/main/java/com/alibaba/fastjson2/support/odps/JSONExtract.java: Recompile with -Xlint:deprecation for details.
[INFO] /Users/shreyachaudhary/Desktop/cs527/CS527-Project/BugSwarm/fastjson2-9745790591/Buggy-version/extension/src/main/java/com/alibaba/fastjson2/support/csv/CSVWriter.java: Some input files use unchecked or unsafe operations.
[INFO] /Users/shreyachaudhary/Desktop/cs527/CS527-Project/BugSwarm/fastjson2-9745790591/Buggy-version/extension/src/main/java/com/alibaba/fastjson2/support/csv/CSVWriter.java: Recompile with -Xlint:unchecked for details.
[INFO] 
[INFO] --------------< com.alibaba.fastjson2:fastjson2-adapter >---------------
[INFO] Building adapter 2.0.21-SNAPSHOT                                   [4/8]
[INFO]   from adapter/pom.xml
[INFO] --------------------------------[ jar ]---------------------------------
[INFO] 
[INFO] --- clean:3.2.0:clean (default-clean) @ fastjson2-adapter ---
[INFO] Deleting /Users/shreyachaudhary/Desktop/cs527/CS527-Project/BugSwarm/fastjson2-9745790591/Buggy-version/adapter/target
[INFO] 
[INFO] --- checkstyle:3.2.0:check (checkstyle) @ fastjson2-adapter ---
[INFO] You have 0 Checkstyle violations.
[INFO] 
[INFO] --- enforcer:3.1.0:enforce (enforce-maven) @ fastjson2-adapter ---
[INFO] 
[INFO] --- resources:3.3.0:resources (default-resources) @ fastjson2-adapter ---
[INFO] skip non existing resourceDirectory /Users/shreyachaudhary/Desktop/cs527/CS527-Project/BugSwarm/fastjson2-9745790591/Buggy-version/adapter/src/main/resources
[INFO] 
[INFO] --- kotlin:1.7.21:compile (compile) @ fastjson2-adapter ---
[WARNING] No sources found skipping Kotlin compile
[INFO] 
[INFO] --- compiler:3.10.1:compile (java-compile) @ fastjson2-adapter ---
[INFO] Changes detected - recompiling the module!
[INFO] Compiling 63 source files to /Users/shreyachaudhary/Desktop/cs527/CS527-Project/BugSwarm/fastjson2-9745790591/Buggy-version/adapter/target/classes
[INFO] /Users/shreyachaudhary/Desktop/cs527/CS527-Project/BugSwarm/fastjson2-9745790591/Buggy-version/adapter/src/main/java/com/alibaba/fastjson2/adapter/jackson/databind/ObjectMapper.java: Some input files use unchecked or unsafe operations.
[INFO] /Users/shreyachaudhary/Desktop/cs527/CS527-Project/BugSwarm/fastjson2-9745790591/Buggy-version/adapter/src/main/java/com/alibaba/fastjson2/adapter/jackson/databind/ObjectMapper.java: Recompile with -Xlint:unchecked for details.
[INFO] 
[INFO] -------------< com.alibaba.fastjson2:fastjson2-benchmark >--------------
[INFO] Building fastjson2-benchmark 2.0.21-SNAPSHOT                       [5/8]
[INFO]   from benchmark/pom.xml
[INFO] --------------------------------[ jar ]---------------------------------
[INFO] 
[INFO] --- clean:3.2.0:clean (default-clean) @ fastjson2-benchmark ---
[INFO] 
[INFO] --- checkstyle:3.2.0:check (checkstyle) @ fastjson2-benchmark ---
[INFO] You have 0 Checkstyle violations.
[INFO] 
[INFO] --- enforcer:3.1.0:enforce (enforce-maven) @ fastjson2-benchmark ---
[INFO] 
[INFO] --- resources:3.3.0:resources (default-resources) @ fastjson2-benchmark ---
[INFO] Copying 21 resources
[INFO] 
[INFO] --- kotlin:1.7.21:compile (compile) @ fastjson2-benchmark ---
[WARNING] No sources found skipping Kotlin compile
[INFO] 
[INFO] --- compiler:3.10.1:compile (java-compile) @ fastjson2-benchmark ---
[INFO] Changes detected - recompiling the module!
[INFO] Compiling 108 source files to /Users/shreyachaudhary/Desktop/cs527/CS527-Project/BugSwarm/fastjson2-9745790591/Buggy-version/benchmark/target/classes
[INFO] /Users/shreyachaudhary/Desktop/cs527/CS527-Project/BugSwarm/fastjson2-9745790591/Buggy-version/benchmark/src/main/java/com/alibaba/fastjson2/benchmark/jsonschema/JSONSchemaBenchmark2.java: /Users/shreyachaudhary/Desktop/cs527/CS527-Project/BugSwarm/fastjson2-9745790591/Buggy-version/benchmark/src/main/java/com/alibaba/fastjson2/benchmark/jsonschema/JSONSchemaBenchmark2.java uses or overrides a deprecated API.
[INFO] /Users/shreyachaudhary/Desktop/cs527/CS527-Project/BugSwarm/fastjson2-9745790591/Buggy-version/benchmark/src/main/java/com/alibaba/fastjson2/benchmark/jsonschema/JSONSchemaBenchmark2.java: Recompile with -Xlint:deprecation for details.
[INFO] /Users/shreyachaudhary/Desktop/cs527/CS527-Project/BugSwarm/fastjson2-9745790591/Buggy-version/benchmark/src/main/java/com/alibaba/fastjson2/benchmark/wast/SimpleBeanCase.java: Some input files use unchecked or unsafe operations.
[INFO] /Users/shreyachaudhary/Desktop/cs527/CS527-Project/BugSwarm/fastjson2-9745790591/Buggy-version/benchmark/src/main/java/com/alibaba/fastjson2/benchmark/wast/SimpleBeanCase.java: Recompile with -Xlint:unchecked for details.
[INFO] 
[INFO] --- compiler:3.10.1:compile (compile) @ fastjson2-benchmark ---
[INFO] Changes detected - recompiling the module!
[INFO] Compiling 108 source files to /Users/shreyachaudhary/Desktop/cs527/CS527-Project/BugSwarm/fastjson2-9745790591/Buggy-version/benchmark/target/classes
