[INFO] Scanning for projects...
[WARNING] 
[WARNING] Some problems were encountered while building the effective model for com.alibaba:fastjson:jar:1.2.63_preview_01
[WARNING] 'build.plugins.plugin.version' for org.apache.maven.plugins:maven-gpg-plugin is missing. @ line 181, column 21
[WARNING] 'build.plugins.plugin.version' for org.apache.maven.plugins:maven-surefire-plugin is missing. @ line 149, column 21
[WARNING] 'build.plugins.plugin.version' for org.apache.maven.plugins:maven-source-plugin is missing. @ line 133, column 21
[WARNING] 'build.plugins.plugin.version' for org.apache.maven.plugins:maven-javadoc-plugin is missing. @ line 159, column 21
[WARNING] 
[WARNING] It is highly recommended to fix these problems because they threaten the stability of your build.
[WARNING] 
[WARNING] For this reason, future Maven versions might no longer support building such malformed projects.
[WARNING] 
[INFO] 
[INFO] ------------------------< com.alibaba:fastjson >------------------------
[INFO] Building fastjson 1.2.63_preview_01
[INFO]   from pom.xml
[INFO] --------------------------------[ jar ]---------------------------------
[INFO] 
[INFO] --- dependency:3.6.1:copy-dependencies (default-cli) @ fastjson ---
[INFO] Copying javax.servlet-api-3.1.0.jar to /Users/strider/Dev/CS527-Project/BugSwarm/fastjson-618981324/Buggy-version/target/dependency/javax.servlet-api-3.1.0.jar
[INFO] Copying javax.ws.rs-api-2.0.1.jar to /Users/strider/Dev/CS527-Project/BugSwarm/fastjson-618981324/Buggy-version/target/dependency/javax.ws.rs-api-2.0.1.jar
[INFO] Copying cxf-rt-transports-http-3.1.2.jar to /Users/strider/Dev/CS527-Project/BugSwarm/fastjson-618981324/Buggy-version/target/dependency/cxf-rt-transports-http-3.1.2.jar
[INFO] Copying cxf-core-3.1.2.jar to /Users/strider/Dev/CS527-Project/BugSwarm/fastjson-618981324/Buggy-version/target/dependency/cxf-core-3.1.2.jar
[INFO] Copying woodstox-core-asl-4.4.1.jar to /Users/strider/Dev/CS527-Project/BugSwarm/fastjson-618981324/Buggy-version/target/dependency/woodstox-core-asl-4.4.1.jar
[INFO] Copying stax2-api-3.1.4.jar to /Users/strider/Dev/CS527-Project/BugSwarm/fastjson-618981324/Buggy-version/target/dependency/stax2-api-3.1.4.jar
[INFO] Copying xmlschema-core-2.2.1.jar to /Users/strider/Dev/CS527-Project/BugSwarm/fastjson-618981324/Buggy-version/target/dependency/xmlschema-core-2.2.1.jar
[INFO] Copying cxf-rt-frontend-jaxrs-3.1.2.jar to /Users/strider/Dev/CS527-Project/BugSwarm/fastjson-618981324/Buggy-version/target/dependency/cxf-rt-frontend-jaxrs-3.1.2.jar
[INFO] Copying javax.annotation-api-1.2.jar to /Users/strider/Dev/CS527-Project/BugSwarm/fastjson-618981324/Buggy-version/target/dependency/javax.annotation-api-1.2.jar
[INFO] Copying spring-websocket-4.3.7.RELEASE.jar to /Users/strider/Dev/CS527-Project/BugSwarm/fastjson-618981324/Buggy-version/target/dependency/spring-websocket-4.3.7.RELEASE.jar
[INFO] Copying spring-context-4.3.7.RELEASE.jar to /Users/strider/Dev/CS527-Project/BugSwarm/fastjson-618981324/Buggy-version/target/dependency/spring-context-4.3.7.RELEASE.jar
[INFO] Copying spring-core-4.3.7.RELEASE.jar to /Users/strider/Dev/CS527-Project/BugSwarm/fastjson-618981324/Buggy-version/target/dependency/spring-core-4.3.7.RELEASE.jar
[INFO] Copying spring-web-4.3.7.RELEASE.jar to /Users/strider/Dev/CS527-Project/BugSwarm/fastjson-618981324/Buggy-version/target/dependency/spring-web-4.3.7.RELEASE.jar
[INFO] Copying spring-webmvc-4.3.7.RELEASE.jar to /Users/strider/Dev/CS527-Project/BugSwarm/fastjson-618981324/Buggy-version/target/dependency/spring-webmvc-4.3.7.RELEASE.jar
[INFO] Copying spring-aop-4.3.7.RELEASE.jar to /Users/strider/Dev/CS527-Project/BugSwarm/fastjson-618981324/Buggy-version/target/dependency/spring-aop-4.3.7.RELEASE.jar
[INFO] Copying spring-beans-4.3.7.RELEASE.jar to /Users/strider/Dev/CS527-Project/BugSwarm/fastjson-618981324/Buggy-version/target/dependency/spring-beans-4.3.7.RELEASE.jar
[INFO] Copying spring-expression-4.3.7.RELEASE.jar to /Users/strider/Dev/CS527-Project/BugSwarm/fastjson-618981324/Buggy-version/target/dependency/spring-expression-4.3.7.RELEASE.jar
[INFO] Copying spring-messaging-4.3.7.RELEASE.jar to /Users/strider/Dev/CS527-Project/BugSwarm/fastjson-618981324/Buggy-version/target/dependency/spring-messaging-4.3.7.RELEASE.jar
[INFO] Copying spring-data-redis-1.8.6.RELEASE.jar to /Users/strider/Dev/CS527-Project/BugSwarm/fastjson-618981324/Buggy-version/target/dependency/spring-data-redis-1.8.6.RELEASE.jar
[INFO] Copying spring-data-keyvalue-1.2.6.RELEASE.jar to /Users/strider/Dev/CS527-Project/BugSwarm/fastjson-618981324/Buggy-version/target/dependency/spring-data-keyvalue-1.2.6.RELEASE.jar
[INFO] Copying spring-tx-4.3.10.RELEASE.jar to /Users/strider/Dev/CS527-Project/BugSwarm/fastjson-618981324/Buggy-version/target/dependency/spring-tx-4.3.10.RELEASE.jar
[INFO] Copying spring-oxm-4.3.10.RELEASE.jar to /Users/strider/Dev/CS527-Project/BugSwarm/fastjson-618981324/Buggy-version/target/dependency/spring-oxm-4.3.10.RELEASE.jar
[INFO] Copying spring-context-support-4.3.10.RELEASE.jar to /Users/strider/Dev/CS527-Project/BugSwarm/fastjson-618981324/Buggy-version/target/dependency/spring-context-support-4.3.10.RELEASE.jar
[INFO] Copying slf4j-api-1.7.25.jar to /Users/strider/Dev/CS527-Project/BugSwarm/fastjson-618981324/Buggy-version/target/dependency/slf4j-api-1.7.25.jar
[INFO] Copying jcl-over-slf4j-1.7.25.jar to /Users/strider/Dev/CS527-Project/BugSwarm/fastjson-618981324/Buggy-version/target/dependency/jcl-over-slf4j-1.7.25.jar
[INFO] Copying retrofit-2.5.0.jar to /Users/strider/Dev/CS527-Project/BugSwarm/fastjson-618981324/Buggy-version/target/dependency/retrofit-2.5.0.jar
[INFO] Copying okhttp-3.6.0.jar to /Users/strider/Dev/CS527-Project/BugSwarm/fastjson-618981324/Buggy-version/target/dependency/okhttp-3.6.0.jar
[INFO] Copying okio-1.11.0.jar to /Users/strider/Dev/CS527-Project/BugSwarm/fastjson-618981324/Buggy-version/target/dependency/okio-1.11.0.jar
[INFO] Copying springfox-spring-web-2.6.1.jar to /Users/strider/Dev/CS527-Project/BugSwarm/fastjson-618981324/Buggy-version/target/dependency/springfox-spring-web-2.6.1.jar
[INFO] Copying guava-18.0.jar to /Users/strider/Dev/CS527-Project/BugSwarm/fastjson-618981324/Buggy-version/target/dependency/guava-18.0.jar
[INFO] Copying classmate-1.3.1.jar to /Users/strider/Dev/CS527-Project/BugSwarm/fastjson-618981324/Buggy-version/target/dependency/classmate-1.3.1.jar
[INFO] Copying spring-plugin-core-1.2.0.RELEASE.jar to /Users/strider/Dev/CS527-Project/BugSwarm/fastjson-618981324/Buggy-version/target/dependency/spring-plugin-core-1.2.0.RELEASE.jar
[INFO] Copying spring-plugin-metadata-1.2.0.RELEASE.jar to /Users/strider/Dev/CS527-Project/BugSwarm/fastjson-618981324/Buggy-version/target/dependency/spring-plugin-metadata-1.2.0.RELEASE.jar
[INFO] Copying springfox-spi-2.6.1.jar to /Users/strider/Dev/CS527-Project/BugSwarm/fastjson-618981324/Buggy-version/target/dependency/springfox-spi-2.6.1.jar
[INFO] Copying springfox-core-2.6.1.jar to /Users/strider/Dev/CS527-Project/BugSwarm/fastjson-618981324/Buggy-version/target/dependency/springfox-core-2.6.1.jar
[INFO] Copying javaslang-2.0.6.jar to /Users/strider/Dev/CS527-Project/BugSwarm/fastjson-618981324/Buggy-version/target/dependency/javaslang-2.0.6.jar
[INFO] Copying javaslang-match-2.0.6.jar to /Users/strider/Dev/CS527-Project/BugSwarm/fastjson-618981324/Buggy-version/target/dependency/javaslang-match-2.0.6.jar
[INFO] Copying jersey-common-2.23.2.jar to /Users/strider/Dev/CS527-Project/BugSwarm/fastjson-618981324/Buggy-version/target/dependency/jersey-common-2.23.2.jar
[INFO] Copying jersey-guava-2.23.2.jar to /Users/strider/Dev/CS527-Project/BugSwarm/fastjson-618981324/Buggy-version/target/dependency/jersey-guava-2.23.2.jar
[INFO] Copying hk2-api-2.5.0-b05.jar to /Users/strider/Dev/CS527-Project/BugSwarm/fastjson-618981324/Buggy-version/target/dependency/hk2-api-2.5.0-b05.jar
[INFO] Copying hk2-utils-2.5.0-b05.jar to /Users/strider/Dev/CS527-Project/BugSwarm/fastjson-618981324/Buggy-version/target/dependency/hk2-utils-2.5.0-b05.jar
[INFO] Copying aopalliance-repackaged-2.5.0-b05.jar to /Users/strider/Dev/CS527-Project/BugSwarm/fastjson-618981324/Buggy-version/target/dependency/aopalliance-repackaged-2.5.0-b05.jar
[INFO] Copying javax.inject-2.5.0-b05.jar to /Users/strider/Dev/CS527-Project/BugSwarm/fastjson-618981324/Buggy-version/target/dependency/javax.inject-2.5.0-b05.jar
[INFO] Copying hk2-locator-2.5.0-b05.jar to /Users/strider/Dev/CS527-Project/BugSwarm/fastjson-618981324/Buggy-version/target/dependency/hk2-locator-2.5.0-b05.jar
[INFO] Copying osgi-resource-locator-1.0.1.jar to /Users/strider/Dev/CS527-Project/BugSwarm/fastjson-618981324/Buggy-version/target/dependency/osgi-resource-locator-1.0.1.jar
[INFO] Copying joda-time-2.10.jar to /Users/strider/Dev/CS527-Project/BugSwarm/fastjson-618981324/Buggy-version/target/dependency/joda-time-2.10.jar
[INFO] Copying core-3.1.0.jar to /Users/strider/Dev/CS527-Project/BugSwarm/fastjson-618981324/Buggy-version/target/dependency/core-3.1.0.jar
[INFO] Copying moneta-core-1.3.jar to /Users/strider/Dev/CS527-Project/BugSwarm/fastjson-618981324/Buggy-version/target/dependency/moneta-core-1.3.jar
[INFO] Copying money-api-1.0.3.jar to /Users/strider/Dev/CS527-Project/BugSwarm/fastjson-618981324/Buggy-version/target/dependency/money-api-1.0.3.jar
[INFO] Copying slice-0.36.jar to /Users/strider/Dev/CS527-Project/BugSwarm/fastjson-618981324/Buggy-version/target/dependency/slice-0.36.jar
[INFO] Copying jol-core-0.2.jar to /Users/strider/Dev/CS527-Project/BugSwarm/fastjson-618981324/Buggy-version/target/dependency/jol-core-0.2.jar
[INFO] Copying jetty-server-9.4.17.v20190418.jar to /Users/strider/Dev/CS527-Project/BugSwarm/fastjson-618981324/Buggy-version/target/dependency/jetty-server-9.4.17.v20190418.jar
[INFO] Copying jetty-http-9.4.17.v20190418.jar to /Users/strider/Dev/CS527-Project/BugSwarm/fastjson-618981324/Buggy-version/target/dependency/jetty-http-9.4.17.v20190418.jar
[INFO] Copying jetty-util-9.4.17.v20190418.jar to /Users/strider/Dev/CS527-Project/BugSwarm/fastjson-618981324/Buggy-version/target/dependency/jetty-util-9.4.17.v20190418.jar
[INFO] Copying jetty-io-9.4.17.v20190418.jar to /Users/strider/Dev/CS527-Project/BugSwarm/fastjson-618981324/Buggy-version/target/dependency/jetty-io-9.4.17.v20190418.jar
[INFO] Copying jetty-webapp-9.4.17.v20190418.jar to /Users/strider/Dev/CS527-Project/BugSwarm/fastjson-618981324/Buggy-version/target/dependency/jetty-webapp-9.4.17.v20190418.jar
[INFO] Copying jetty-xml-9.4.17.v20190418.jar to /Users/strider/Dev/CS527-Project/BugSwarm/fastjson-618981324/Buggy-version/target/dependency/jetty-xml-9.4.17.v20190418.jar
[INFO] Copying jetty-servlet-9.4.17.v20190418.jar to /Users/strider/Dev/CS527-Project/BugSwarm/fastjson-618981324/Buggy-version/target/dependency/jetty-servlet-9.4.17.v20190418.jar
[INFO] Copying jetty-security-9.4.17.v20190418.jar to /Users/strider/Dev/CS527-Project/BugSwarm/fastjson-618981324/Buggy-version/target/dependency/jetty-security-9.4.17.v20190418.jar
[INFO] Copying junit-4.12.jar to /Users/strider/Dev/CS527-Project/BugSwarm/fastjson-618981324/Buggy-version/target/dependency/junit-4.12.jar
[INFO] Copying hamcrest-core-1.3.jar to /Users/strider/Dev/CS527-Project/BugSwarm/fastjson-618981324/Buggy-version/target/dependency/hamcrest-core-1.3.jar
[INFO] Copying jackson-databind-2.10.0.jar to /Users/strider/Dev/CS527-Project/BugSwarm/fastjson-618981324/Buggy-version/target/dependency/jackson-databind-2.10.0.jar
[INFO] Copying jackson-annotations-2.10.0.jar to /Users/strider/Dev/CS527-Project/BugSwarm/fastjson-618981324/Buggy-version/target/dependency/jackson-annotations-2.10.0.jar
[INFO] Copying jackson-core-2.10.0.jar to /Users/strider/Dev/CS527-Project/BugSwarm/fastjson-618981324/Buggy-version/target/dependency/jackson-core-2.10.0.jar
[INFO] Copying jackson-module-afterburner-2.10.0.jar to /Users/strider/Dev/CS527-Project/BugSwarm/fastjson-618981324/Buggy-version/target/dependency/jackson-module-afterburner-2.10.0.jar
[INFO] Copying jackson-module-kotlin-2.9.10.jar to /Users/strider/Dev/CS527-Project/BugSwarm/fastjson-618981324/Buggy-version/target/dependency/jackson-module-kotlin-2.9.10.jar
[INFO] Copying cglib-nodep-2.2.2.jar to /Users/strider/Dev/CS527-Project/BugSwarm/fastjson-618981324/Buggy-version/target/dependency/cglib-nodep-2.2.2.jar
[INFO] Copying jackson-jaxrs-json-provider-2.9.10.jar to /Users/strider/Dev/CS527-Project/BugSwarm/fastjson-618981324/Buggy-version/target/dependency/jackson-jaxrs-json-provider-2.9.10.jar
[INFO] Copying jackson-jaxrs-base-2.9.10.jar to /Users/strider/Dev/CS527-Project/BugSwarm/fastjson-618981324/Buggy-version/target/dependency/jackson-jaxrs-base-2.9.10.jar
[INFO] Copying jackson-module-jaxb-annotations-2.9.10.jar to /Users/strider/Dev/CS527-Project/BugSwarm/fastjson-618981324/Buggy-version/target/dependency/jackson-module-jaxb-annotations-2.9.10.jar
[INFO] Copying json-simple-1.1.1.jar to /Users/strider/Dev/CS527-Project/BugSwarm/fastjson-618981324/Buggy-version/target/dependency/json-simple-1.1.1.jar
[INFO] Copying commons-io-1.4.jar to /Users/strider/Dev/CS527-Project/BugSwarm/fastjson-618981324/Buggy-version/target/dependency/commons-io-1.4.jar
[INFO] Copying json-lib-2.4-jdk15.jar to /Users/strider/Dev/CS527-Project/BugSwarm/fastjson-618981324/Buggy-version/target/dependency/json-lib-2.4-jdk15.jar
[INFO] Copying commons-beanutils-1.8.0.jar to /Users/strider/Dev/CS527-Project/BugSwarm/fastjson-618981324/Buggy-version/target/dependency/commons-beanutils-1.8.0.jar
[INFO] Copying commons-collections-3.2.1.jar to /Users/strider/Dev/CS527-Project/BugSwarm/fastjson-618981324/Buggy-version/target/dependency/commons-collections-3.2.1.jar
[INFO] Copying commons-lang-2.5.jar to /Users/strider/Dev/CS527-Project/BugSwarm/fastjson-618981324/Buggy-version/target/dependency/commons-lang-2.5.jar
[INFO] Copying commons-logging-1.1.1.jar to /Users/strider/Dev/CS527-Project/BugSwarm/fastjson-618981324/Buggy-version/target/dependency/commons-logging-1.1.1.jar
[INFO] Copying ezmorph-1.0.6.jar to /Users/strider/Dev/CS527-Project/BugSwarm/fastjson-618981324/Buggy-version/target/dependency/ezmorph-1.0.6.jar
[INFO] Copying gson-2.6.2.jar to /Users/strider/Dev/CS527-Project/BugSwarm/fastjson-618981324/Buggy-version/target/dependency/gson-2.6.2.jar
[INFO] Copying json-smart-2.2.1.jar to /Users/strider/Dev/CS527-Project/BugSwarm/fastjson-618981324/Buggy-version/target/dependency/json-smart-2.2.1.jar
[INFO] Copying accessors-smart-1.1.jar to /Users/strider/Dev/CS527-Project/BugSwarm/fastjson-618981324/Buggy-version/target/dependency/accessors-smart-1.1.jar
[INFO] Copying clojure-1.5.1.jar to /Users/strider/Dev/CS527-Project/BugSwarm/fastjson-618981324/Buggy-version/target/dependency/clojure-1.5.1.jar
[INFO] Copying groovy-2.1.5.jar to /Users/strider/Dev/CS527-Project/BugSwarm/fastjson-618981324/Buggy-version/target/dependency/groovy-2.1.5.jar
[INFO] Copying antlr-2.7.7.jar to /Users/strider/Dev/CS527-Project/BugSwarm/fastjson-618981324/Buggy-version/target/dependency/antlr-2.7.7.jar
[INFO] Copying asm-tree-4.0.jar to /Users/strider/Dev/CS527-Project/BugSwarm/fastjson-618981324/Buggy-version/target/dependency/asm-tree-4.0.jar
[INFO] Copying asm-commons-4.0.jar to /Users/strider/Dev/CS527-Project/BugSwarm/fastjson-618981324/Buggy-version/target/dependency/asm-commons-4.0.jar
[INFO] Copying asm-4.0.jar to /Users/strider/Dev/CS527-Project/BugSwarm/fastjson-618981324/Buggy-version/target/dependency/asm-4.0.jar
[INFO] Copying asm-util-4.0.jar to /Users/strider/Dev/CS527-Project/BugSwarm/fastjson-618981324/Buggy-version/target/dependency/asm-util-4.0.jar
[INFO] Copying asm-analysis-4.0.jar to /Users/strider/Dev/CS527-Project/BugSwarm/fastjson-618981324/Buggy-version/target/dependency/asm-analysis-4.0.jar
[INFO] Copying spring-test-4.3.7.RELEASE.jar to /Users/strider/Dev/CS527-Project/BugSwarm/fastjson-618981324/Buggy-version/target/dependency/spring-test-4.3.7.RELEASE.jar
[INFO] Copying javassist-3.18.0-GA.jar to /Users/strider/Dev/CS527-Project/BugSwarm/fastjson-618981324/Buggy-version/target/dependency/javassist-3.18.0-GA.jar
[INFO] Copying cxf-rt-rs-client-3.1.2.jar to /Users/strider/Dev/CS527-Project/BugSwarm/fastjson-618981324/Buggy-version/target/dependency/cxf-rt-rs-client-3.1.2.jar
[INFO] Copying spring-data-commons-2.1.2.RELEASE.jar to /Users/strider/Dev/CS527-Project/BugSwarm/fastjson-618981324/Buggy-version/target/dependency/spring-data-commons-2.1.2.RELEASE.jar
[INFO] Copying jersey-container-servlet-2.23.2.jar to /Users/strider/Dev/CS527-Project/BugSwarm/fastjson-618981324/Buggy-version/target/dependency/jersey-container-servlet-2.23.2.jar
[INFO] Copying jersey-container-servlet-core-2.23.2.jar to /Users/strider/Dev/CS527-Project/BugSwarm/fastjson-618981324/Buggy-version/target/dependency/jersey-container-servlet-core-2.23.2.jar
[INFO] Copying jersey-server-2.23.2.jar to /Users/strider/Dev/CS527-Project/BugSwarm/fastjson-618981324/Buggy-version/target/dependency/jersey-server-2.23.2.jar
[INFO] Copying jersey-media-jaxb-2.23.2.jar to /Users/strider/Dev/CS527-Project/BugSwarm/fastjson-618981324/Buggy-version/target/dependency/jersey-media-jaxb-2.23.2.jar
[INFO] Copying validation-api-1.1.0.Final.jar to /Users/strider/Dev/CS527-Project/BugSwarm/fastjson-618981324/Buggy-version/target/dependency/validation-api-1.1.0.Final.jar
[INFO] Copying jersey-client-2.23.2.jar to /Users/strider/Dev/CS527-Project/BugSwarm/fastjson-618981324/Buggy-version/target/dependency/jersey-client-2.23.2.jar
[INFO] Copying jersey-test-framework-provider-jdk-http-2.23.2.jar to /Users/strider/Dev/CS527-Project/BugSwarm/fastjson-618981324/Buggy-version/target/dependency/jersey-test-framework-provider-jdk-http-2.23.2.jar
[INFO] Copying jersey-test-framework-core-2.23.2.jar to /Users/strider/Dev/CS527-Project/BugSwarm/fastjson-618981324/Buggy-version/target/dependency/jersey-test-framework-core-2.23.2.jar
[INFO] Copying jersey-container-jdk-http-2.23.2.jar to /Users/strider/Dev/CS527-Project/BugSwarm/fastjson-618981324/Buggy-version/target/dependency/jersey-container-jdk-http-2.23.2.jar
[INFO] Copying asm-debug-all-5.0.4.jar to /Users/strider/Dev/CS527-Project/BugSwarm/fastjson-618981324/Buggy-version/target/dependency/asm-debug-all-5.0.4.jar
[INFO] Copying jersey-media-json-jackson-2.23.2.jar to /Users/strider/Dev/CS527-Project/BugSwarm/fastjson-618981324/Buggy-version/target/dependency/jersey-media-json-jackson-2.23.2.jar
[INFO] Copying jersey-entity-filtering-2.23.2.jar to /Users/strider/Dev/CS527-Project/BugSwarm/fastjson-618981324/Buggy-version/target/dependency/jersey-entity-filtering-2.23.2.jar
[INFO] Copying jsoniter-0.9.8.jar to /Users/strider/Dev/CS527-Project/BugSwarm/fastjson-618981324/Buggy-version/target/dependency/jsoniter-0.9.8.jar
[INFO] Copying commons-lang3-3.5.jar to /Users/strider/Dev/CS527-Project/BugSwarm/fastjson-618981324/Buggy-version/target/dependency/commons-lang3-3.5.jar
[INFO] Copying hibernate-core-5.2.10.Final.jar to /Users/strider/Dev/CS527-Project/BugSwarm/fastjson-618981324/Buggy-version/target/dependency/hibernate-core-5.2.10.Final.jar
[INFO] Copying jboss-logging-3.3.0.Final.jar to /Users/strider/Dev/CS527-Project/BugSwarm/fastjson-618981324/Buggy-version/target/dependency/jboss-logging-3.3.0.Final.jar
[INFO] Copying hibernate-jpa-2.1-api-1.0.0.Final.jar to /Users/strider/Dev/CS527-Project/BugSwarm/fastjson-618981324/Buggy-version/target/dependency/hibernate-jpa-2.1-api-1.0.0.Final.jar
[INFO] Copying jboss-transaction-api_1.2_spec-1.0.1.Final.jar to /Users/strider/Dev/CS527-Project/BugSwarm/fastjson-618981324/Buggy-version/target/dependency/jboss-transaction-api_1.2_spec-1.0.1.Final.jar
[INFO] Copying jandex-2.0.3.Final.jar to /Users/strider/Dev/CS527-Project/BugSwarm/fastjson-618981324/Buggy-version/target/dependency/jandex-2.0.3.Final.jar
[INFO] Copying dom4j-1.6.1.jar to /Users/strider/Dev/CS527-Project/BugSwarm/fastjson-618981324/Buggy-version/target/dependency/dom4j-1.6.1.jar
[INFO] Copying hibernate-commons-annotations-5.0.1.Final.jar to /Users/strider/Dev/CS527-Project/BugSwarm/fastjson-618981324/Buggy-version/target/dependency/hibernate-commons-annotations-5.0.1.Final.jar
[INFO] Copying json-path-2.3.0.jar to /Users/strider/Dev/CS527-Project/BugSwarm/fastjson-618981324/Buggy-version/target/dependency/json-path-2.3.0.jar
[INFO] Copying kotlin-stdlib-1.1.51.jar to /Users/strider/Dev/CS527-Project/BugSwarm/fastjson-618981324/Buggy-version/target/dependency/kotlin-stdlib-1.1.51.jar
[INFO] Copying annotations-13.0.jar to /Users/strider/Dev/CS527-Project/BugSwarm/fastjson-618981324/Buggy-version/target/dependency/annotations-13.0.jar
[INFO] Copying kotlin-reflect-1.1.51.jar to /Users/strider/Dev/CS527-Project/BugSwarm/fastjson-618981324/Buggy-version/target/dependency/kotlin-reflect-1.1.51.jar
[INFO] Copying spring-security-web-4.2.3.RELEASE.jar to /Users/strider/Dev/CS527-Project/BugSwarm/fastjson-618981324/Buggy-version/target/dependency/spring-security-web-4.2.3.RELEASE.jar
[INFO] Copying aopalliance-1.0.jar to /Users/strider/Dev/CS527-Project/BugSwarm/fastjson-618981324/Buggy-version/target/dependency/aopalliance-1.0.jar
[INFO] Copying spring-security-core-4.2.3.RELEASE.jar to /Users/strider/Dev/CS527-Project/BugSwarm/fastjson-618981324/Buggy-version/target/dependency/spring-security-core-4.2.3.RELEASE.jar
[INFO] Copying commons-collections4-4.1.jar to /Users/strider/Dev/CS527-Project/BugSwarm/fastjson-618981324/Buggy-version/target/dependency/commons-collections4-4.1.jar
[INFO] Copying mockito-all-1.10.19.jar to /Users/strider/Dev/CS527-Project/BugSwarm/fastjson-618981324/Buggy-version/target/dependency/mockito-all-1.10.19.jar
[INFO] Copying powermock-module-junit4-1.6.6.jar to /Users/strider/Dev/CS527-Project/BugSwarm/fastjson-618981324/Buggy-version/target/dependency/powermock-module-junit4-1.6.6.jar
[INFO] Copying powermock-module-junit4-common-1.6.6.jar to /Users/strider/Dev/CS527-Project/BugSwarm/fastjson-618981324/Buggy-version/target/dependency/powermock-module-junit4-common-1.6.6.jar
[INFO] Copying powermock-core-1.6.6.jar to /Users/strider/Dev/CS527-Project/BugSwarm/fastjson-618981324/Buggy-version/target/dependency/powermock-core-1.6.6.jar
[INFO] Copying powermock-reflect-1.6.6.jar to /Users/strider/Dev/CS527-Project/BugSwarm/fastjson-618981324/Buggy-version/target/dependency/powermock-reflect-1.6.6.jar
[INFO] Copying deeptestutils-1.1.0.jar to /Users/strider/Dev/CS527-Project/BugSwarm/fastjson-618981324/Buggy-version/target/dependency/deeptestutils-1.1.0.jar
[INFO] Copying objenesis-2.5.1.jar to /Users/strider/Dev/CS527-Project/BugSwarm/fastjson-618981324/Buggy-version/target/dependency/objenesis-2.5.1.jar
[INFO] Copying powermock-api-mockito-1.6.6.jar to /Users/strider/Dev/CS527-Project/BugSwarm/fastjson-618981324/Buggy-version/target/dependency/powermock-api-mockito-1.6.6.jar
[INFO] Copying mockito-core-1.10.19.jar to /Users/strider/Dev/CS527-Project/BugSwarm/fastjson-618981324/Buggy-version/target/dependency/mockito-core-1.10.19.jar
[INFO] Copying powermock-api-mockito-common-1.6.6.jar to /Users/strider/Dev/CS527-Project/BugSwarm/fastjson-618981324/Buggy-version/target/dependency/powermock-api-mockito-common-1.6.6.jar
[INFO] Copying powermock-api-support-1.6.6.jar to /Users/strider/Dev/CS527-Project/BugSwarm/fastjson-618981324/Buggy-version/target/dependency/powermock-api-support-1.6.6.jar
[INFO] Copying lombok-1.18.4.jar to /Users/strider/Dev/CS527-Project/BugSwarm/fastjson-618981324/Buggy-version/target/dependency/lombok-1.18.4.jar
[INFO] Copying jmh-core-1.21.jar to /Users/strider/Dev/CS527-Project/BugSwarm/fastjson-618981324/Buggy-version/target/dependency/jmh-core-1.21.jar
[INFO] Copying jopt-simple-4.6.jar to /Users/strider/Dev/CS527-Project/BugSwarm/fastjson-618981324/Buggy-version/target/dependency/jopt-simple-4.6.jar
[INFO] Copying commons-math3-3.2.jar to /Users/strider/Dev/CS527-Project/BugSwarm/fastjson-618981324/Buggy-version/target/dependency/commons-math3-3.2.jar
[INFO] Copying jmh-generator-annprocess-1.21.jar to /Users/strider/Dev/CS527-Project/BugSwarm/fastjson-618981324/Buggy-version/target/dependency/jmh-generator-annprocess-1.21.jar
[INFO] Copying spring-security-oauth2-2.3.5.RELEASE.jar to /Users/strider/Dev/CS527-Project/BugSwarm/fastjson-618981324/Buggy-version/target/dependency/spring-security-oauth2-2.3.5.RELEASE.jar
[INFO] Copying spring-security-config-3.2.10.RELEASE.jar to /Users/strider/Dev/CS527-Project/BugSwarm/fastjson-618981324/Buggy-version/target/dependency/spring-security-config-3.2.10.RELEASE.jar
[INFO] Copying jackson-mapper-asl-1.9.13.jar to /Users/strider/Dev/CS527-Project/BugSwarm/fastjson-618981324/Buggy-version/target/dependency/jackson-mapper-asl-1.9.13.jar
[INFO] Copying jackson-core-asl-1.9.13.jar to /Users/strider/Dev/CS527-Project/BugSwarm/fastjson-618981324/Buggy-version/target/dependency/jackson-core-asl-1.9.13.jar
[INFO] Copying gitlab4j-api-4.8.42.jar to /Users/strider/Dev/CS527-Project/BugSwarm/fastjson-618981324/Buggy-version/target/dependency/gitlab4j-api-4.8.42.jar
[INFO] Copying jaxb-api-2.3.0.jar to /Users/strider/Dev/CS527-Project/BugSwarm/fastjson-618981324/Buggy-version/target/dependency/jaxb-api-2.3.0.jar
[INFO] Copying javax.activation-1.2.0.jar to /Users/strider/Dev/CS527-Project/BugSwarm/fastjson-618981324/Buggy-version/target/dependency/javax.activation-1.2.0.jar
[INFO] Copying jersey-hk2-2.27.jar to /Users/strider/Dev/CS527-Project/BugSwarm/fastjson-618981324/Buggy-version/target/dependency/jersey-hk2-2.27.jar
[INFO] Copying jersey-apache-connector-2.27.jar to /Users/strider/Dev/CS527-Project/BugSwarm/fastjson-618981324/Buggy-version/target/dependency/jersey-apache-connector-2.27.jar
[INFO] Copying httpclient-4.5.jar to /Users/strider/Dev/CS527-Project/BugSwarm/fastjson-618981324/Buggy-version/target/dependency/httpclient-4.5.jar
[INFO] Copying httpcore-4.4.1.jar to /Users/strider/Dev/CS527-Project/BugSwarm/fastjson-618981324/Buggy-version/target/dependency/httpcore-4.4.1.jar
[INFO] Copying jersey-media-multipart-2.27.jar to /Users/strider/Dev/CS527-Project/BugSwarm/fastjson-618981324/Buggy-version/target/dependency/jersey-media-multipart-2.27.jar
[INFO] Copying mimepull-1.9.6.jar to /Users/strider/Dev/CS527-Project/BugSwarm/fastjson-618981324/Buggy-version/target/dependency/mimepull-1.9.6.jar
[INFO] Copying json-20180130.jar to /Users/strider/Dev/CS527-Project/BugSwarm/fastjson-618981324/Buggy-version/target/dependency/json-20180130.jar
[INFO] Copying sms-core-2.1.9.jar to /Users/strider/Dev/CS527-Project/BugSwarm/fastjson-618981324/Buggy-version/target/dependency/sms-core-2.1.9.jar
[INFO] Copying fst-2.48-jdk-6.jar to /Users/strider/Dev/CS527-Project/BugSwarm/fastjson-618981324/Buggy-version/target/dependency/fst-2.48-jdk-6.jar
[INFO] Copying java-util-1.9.0.jar to /Users/strider/Dev/CS527-Project/BugSwarm/fastjson-618981324/Buggy-version/target/dependency/java-util-1.9.0.jar
[INFO] Copying commons-codec-1.11.jar to /Users/strider/Dev/CS527-Project/BugSwarm/fastjson-618981324/Buggy-version/target/dependency/commons-codec-1.11.jar
[INFO] Copying netty-transport-4.1.33.Final.jar to /Users/strider/Dev/CS527-Project/BugSwarm/fastjson-618981324/Buggy-version/target/dependency/netty-transport-4.1.33.Final.jar
[INFO] Copying netty-common-4.1.33.Final.jar to /Users/strider/Dev/CS527-Project/BugSwarm/fastjson-618981324/Buggy-version/target/dependency/netty-common-4.1.33.Final.jar
[INFO] Copying netty-buffer-4.1.33.Final.jar to /Users/strider/Dev/CS527-Project/BugSwarm/fastjson-618981324/Buggy-version/target/dependency/netty-buffer-4.1.33.Final.jar
[INFO] Copying netty-resolver-4.1.33.Final.jar to /Users/strider/Dev/CS527-Project/BugSwarm/fastjson-618981324/Buggy-version/target/dependency/netty-resolver-4.1.33.Final.jar
[INFO] Copying netty-codec-4.1.33.Final.jar to /Users/strider/Dev/CS527-Project/BugSwarm/fastjson-618981324/Buggy-version/target/dependency/netty-codec-4.1.33.Final.jar
[INFO] Copying netty-handler-proxy-4.1.33.Final.jar to /Users/strider/Dev/CS527-Project/BugSwarm/fastjson-618981324/Buggy-version/target/dependency/netty-handler-proxy-4.1.33.Final.jar
[INFO] Copying netty-codec-socks-4.1.33.Final.jar to /Users/strider/Dev/CS527-Project/BugSwarm/fastjson-618981324/Buggy-version/target/dependency/netty-codec-socks-4.1.33.Final.jar
[INFO] Copying netty-codec-http-4.1.33.Final.jar to /Users/strider/Dev/CS527-Project/BugSwarm/fastjson-618981324/Buggy-version/target/dependency/netty-codec-http-4.1.33.Final.jar
[INFO] Copying netty-handler-4.1.33.Final.jar to /Users/strider/Dev/CS527-Project/BugSwarm/fastjson-618981324/Buggy-version/target/dependency/netty-handler-4.1.33.Final.jar
[INFO] Copying je-5.0.73.jar to /Users/strider/Dev/CS527-Project/BugSwarm/fastjson-618981324/Buggy-version/target/dependency/je-5.0.73.jar
[INFO] ------------------------------------------------------------------------
[INFO] BUILD SUCCESS
[INFO] ------------------------------------------------------------------------
[INFO] Total time:  37.702 s
[INFO] Finished at: 2024-04-04T11:34:16-05:00
[INFO] ------------------------------------------------------------------------
