Randoop for Java version 4.3.2.

Will try to generate tests for 1 classes.
PUBLIC MEMBERS=9
Explorer = ForwardGenerator(steps: 0, null steps: 0, num_sequences_generated: 0;
    allSequences: 0, regresson seqs: 0, error seqs: 0=0=0, invalid seqs: 0, subsumed_sequences: 0, num_failed_output_test: 0;
    sideEffectFreeMethods: 1115, runtimePrimitivesSeen: 38)

Progress update: steps=1, test inputs generated=0, failing inputs=0      (2024-04-04T16:35:17.673Z     15.8M used)
Progress update: steps=336, test inputs generated=258, failing inputs=0      (2024-04-04T16:36:17.816Z     992M used)
Progress update: steps=336, test inputs generated=258, failing inputs=0      (2024-04-04T16:36:18.080Z     998M used)
Normal method executions: 1484
Exceptional method executions: 232

Average method execution time (normal termination):      1.56
Average method execution time (exceptional termination): 2.26
Approximate memory usage 998M
Explorer = ForwardGenerator(steps: 336, null steps: 78, num_sequences_generated: 258;
    allSequences: 258, regresson seqs: 257, error seqs: 0=0=0, invalid seqs: 0, subsumed_sequences: 0, num_failed_output_test: 1;
    sideEffectFreeMethods: 1115, runtimePrimitivesSeen: 39)

No error-revealing tests to output.

About to look for failing assertions in 233 regression sequences.

Regression test output:
Regression test count: 233
Writing regression JUnit tests...
