[INFO] Scanning for projects...
[INFO] ------------------------------------------------------------------------
[INFO] Reactor Build Order:
[INFO] 
[INFO] fastjson2-parent                                                   [pom]
[INFO] fastjson2                                                          [jar]
[INFO] fastjson2-extension                                                [jar]
[INFO] fastjson2-benchmark                                                [jar]
[INFO] fastjson2-extension-spring5                                        [jar]
[INFO] example-spring-test                                                [jar]
[INFO] fastjson1-compatible                                               [jar]
[INFO] fastjson2-kotlin                                                   [jar]
[INFO] safemode-test                                                      [jar]
[INFO] 
[INFO] ---------------< com.alibaba.fastjson2:fastjson2-parent >---------------
[INFO] Building fastjson2-parent 2.0.31-SNAPSHOT                          [1/9]
[INFO]   from pom.xml
[INFO] --------------------------------[ pom ]---------------------------------
[INFO] 
[INFO] --- dependency:3.6.1:copy-dependencies (default-cli) @ fastjson2-parent ---
